Compiling the C compiler identification source file "CMakeCCompilerId.c" failed.
Compiler: /usr/bin/riscv64-unknown-elf-gcc 
Build flags: 
Id flags:  

The output was:
1
/usr/lib/riscv64-unknown-elf/bin/ld: cannot find crt0.o: No such file or directory
/usr/lib/riscv64-unknown-elf/bin/ld: cannot find -lc
/usr/lib/riscv64-unknown-elf/bin/ld: cannot find -lgloss
collect2: error: ld returned 1 exit status


Detecting C compiler ABI info failed to compile with the following output:
Change Dir: /home/students/200110603/xv6-labs-2020/build/CMakeFiles/CMakeTmp

Run Build Command(s):/usr/bin/gmake -f Makefile cmTC_8d077/fast && /usr/bin/gmake  -f CMakeFiles/cmTC_8d077.dir/build.make CMakeFiles/cmTC_8d077.dir/build
gmake[1]: Entering directory '/home/students/200110603/xv6-labs-2020/build/CMakeFiles/CMakeTmp'
Building C object CMakeFiles/cmTC_8d077.dir/CMakeCCompilerABI.c.o
/usr/bin/riscv64-unknown-elf-gcc   -v -o CMakeFiles/cmTC_8d077.dir/CMakeCCompilerABI.c.o -c /usr/share/cmake-3.22/Modules/CMakeCCompilerABI.c
Using built-in specs.
COLLECT_GCC=/usr/bin/riscv64-unknown-elf-gcc
Target: riscv64-unknown-elf
Configured with: ../configure --build=x86_64-linux-gnu --prefix=/usr --includedir='/usr/include' --mandir='/usr/share/man' --infodir='/usr/share/info' --sysconfdir=/etc --localstatedir=/var --disable-option-checking --disable-silent-rules --libdir='/usr/lib/x86_64-linux-gnu' --libexecdir='/usr/lib/x86_64-linux-gnu' --disable-maintainer-mode --disable-dependency-tracking --target=riscv64-unknown-elf --prefix=/usr --infodir=/usr/share/doc/gcc-riscv64-unknown-elf/info --mandir=/usr/share/man --htmldir=/usr/share/doc/gcc-riscv64-unknown-elf/html --pdfdir=/usr/share/doc/gcc-riscv64-unknown-elf/pdf --bindir=/usr/bin --libexecdir=/usr/lib --libdir=/usr/lib --with-pkgversion= --disable-shared --disable-threads --enable-languages=c,c++ --enable-tls --with-newlib --with-native-system-header-dir=/include --disable-libmudflap --disable-libssp --disable-libquadmath --disable-libgomp --disable-nls --with-system-zlib --enable-checking=yes --enable-multilib --with-abi=lp64d --disable-libstdcxx-pch --disable-libstdcxx --disable-fixinc --with-arch=rv64imafdc --with-gnu-as --with-gnu-ld --with-as=/usr/lib/riscv64-unknown-elf/bin/as --with-ld=/usr/lib/riscv64-unknown-elf/bin/ld AR_FOR_TARGET=/usr/lib/riscv64-unknown-elf/bin/ar AS_FOR_TARGET=/usr/lib/riscv64-unknown-elf/bin/as NM_FOR_TARGET=/usr/lib/riscv64-unknown-elf/bin/nm LD_FOR_TARGET=/usr/lib/riscv64-unknown-elf/bin/ld OBJDUMP_FOR_TARGET=/usr/lib/riscv64-unknown-elf/bin/objdump RANLIB_FOR_TARGET=/usr/lib/riscv64-unknown-elf/bin/ranlib READELF_FOR_TARGET=/usr/lib/riscv64-unknown-elf/bin/readelf STRIP_FOR_TARGET=/usr/lib/riscv64-unknown-elf/bin/strip CFLAGS='-g -O2 -fdebug-prefix-map=/build/gcc-riscv64-unknown-elf-LkcieF/gcc-riscv64-unknown-elf-10.2.0=. -fstack-protector-strong' CPPFLAGS='-Wdate-time -D_FORTIFY_SOURCE=2' CXXFLAGS='-g -O2 -fdebug-prefix-map=/build/gcc-riscv64-unknown-elf-LkcieF/gcc-riscv64-unknown-elf-10.2.0=. -fstack-protector-strong' FCFLAGS='-g -O2 -fdebug-prefix-map=/build/gcc-riscv64-unknown-elf-LkcieF/gcc-riscv64-unknown-elf-10.2.0=. -fstack-protector-strong' FFLAGS='-g -O2 -fdebug-prefix-map=/build/gcc-riscv64-unknown-elf-LkcieF/gcc-riscv64-unknown-elf-10.2.0=. -fstack-protector-strong' GCJFLAGS='-g -O2 -fdebug-prefix-map=/build/gcc-riscv64-unknown-elf-LkcieF/gcc-riscv64-unknown-elf-10.2.0=. -fstack-protector-strong' LDFLAGS='-Wl,-Bsymbolic-functions -Wl,-z,relro -Wl,-z,now' OBJCFLAGS='-g -O2 -fdebug-prefix-map=/build/gcc-riscv64-unknown-elf-LkcieF/gcc-riscv64-unknown-elf-10.2.0=. -fstack-protector-strong' OBJCXXFLAGS='-g -O2 -fdebug-prefix-map=/build/gcc-riscv64-unknown-elf-LkcieF/gcc-riscv64-unknown-elf-10.2.0=. -fstack-protector-strong' 'CFLAGS_FOR_TARGET=-Os -mcmodel=medany' 'CXXFLAGS_FOR_TARGET=-Os -mcmodel=medany'
Thread model: single
Supported LTO compression algorithms: zlib
gcc version 10.2.0 () 
COLLECT_GCC_OPTIONS='-v' '-o' 'CMakeFiles/cmTC_8d077.dir/CMakeCCompilerABI.c.o' '-c' '-march=rv64imafdc' '-mabi=lp64d'
 /usr/lib/gcc/riscv64-unknown-elf/10.2.0/cc1 -quiet -v -imultilib rv64imafdc/lp64d /usr/share/cmake-3.22/Modules/CMakeCCompilerABI.c -quiet -dumpbase CMakeCCompilerABI.c -march=rv64imafdc -mabi=lp64d -auxbase-strip CMakeFiles/cmTC_8d077.dir/CMakeCCompilerABI.c.o -version -o /tmp/ccY02rrl.s
GNU C17 () version 10.2.0 (riscv64-unknown-elf)
	compiled by GNU C version 10.2.0, GMP version 6.2.0, MPFR version 4.1.0, MPC version 1.2.0-rc1, isl version none
warning: GMP header version 6.2.0 differs from library version 6.2.1.
warning: MPC header version 1.2.0-rc1 differs from library version 1.2.1.
GGC heuristics: --param ggc-min-expand=30 --param ggc-min-heapsize=4096
ignoring nonexistent directory "/usr/lib/gcc/riscv64-unknown-elf/10.2.0/../../../../riscv64-unknown-elf/sys-include"
ignoring nonexistent directory "/usr/lib/gcc/riscv64-unknown-elf/10.2.0/../../../../riscv64-unknown-elf/include"
#include "..." search starts here:
#include <...> search starts here:
 /usr/lib/gcc/riscv64-unknown-elf/10.2.0/include
 /usr/lib/gcc/riscv64-unknown-elf/10.2.0/include-fixed
End of search list.
GNU C17 () version 10.2.0 (riscv64-unknown-elf)
	compiled by GNU C version 10.2.0, GMP version 6.2.0, MPFR version 4.1.0, MPC version 1.2.0-rc1, isl version none
warning: GMP header version 6.2.0 differs from library version 6.2.1.
warning: MPC header version 1.2.0-rc1 differs from library version 1.2.1.
GGC heuristics: --param ggc-min-expand=30 --param ggc-min-heapsize=4096
Compiler executable checksum: 25503746c4b264fb4a430029e3344b15
COLLECT_GCC_OPTIONS='-v' '-o' 'CMakeFiles/cmTC_8d077.dir/CMakeCCompilerABI.c.o' '-c' '-march=rv64imafdc' '-mabi=lp64d'
 /usr/lib/riscv64-unknown-elf/bin/as -v --traditional-format -march=rv64imafdc -mabi=lp64d -o CMakeFiles/cmTC_8d077.dir/CMakeCCompilerABI.c.o /tmp/ccY02rrl.s
GNU assembler version 2.35.1 (riscv64-unknown-elf) using BFD version () 2.35.1
COMPILER_PATH=/usr/lib/gcc/riscv64-unknown-elf/10.2.0/:/usr/lib/gcc/riscv64-unknown-elf/10.2.0/:/usr/lib/gcc/riscv64-unknown-elf/:/usr/lib/gcc/riscv64-unknown-elf/10.2.0/:/usr/lib/gcc/riscv64-unknown-elf/
LIBRARY_PATH=/usr/lib/gcc/riscv64-unknown-elf/10.2.0/rv64imafdc/lp64d/:/usr/lib/gcc/riscv64-unknown-elf/10.2.0/
COLLECT_GCC_OPTIONS='-v' '-o' 'CMakeFiles/cmTC_8d077.dir/CMakeCCompilerABI.c.o' '-c' '-march=rv64imafdc' '-mabi=lp64d'
Linking C executable cmTC_8d077
/usr/bin/cmake -E cmake_link_script CMakeFiles/cmTC_8d077.dir/link.txt --verbose=1
/usr/bin/riscv64-unknown-elf-gcc  -v -rdynamic CMakeFiles/cmTC_8d077.dir/CMakeCCompilerABI.c.o -o cmTC_8d077 
Using built-in specs.
COLLECT_GCC=/usr/bin/riscv64-unknown-elf-gcc
COLLECT_LTO_WRAPPER=/usr/lib/gcc/riscv64-unknown-elf/10.2.0/lto-wrapper
riscv64-unknown-elf-gcc: error: unrecognized command-line option '-rdynamic'
Target: riscv64-unknown-elf
Configured with: ../configure --build=x86_64-linux-gnu --prefix=/usr --includedir='/usr/include' --mandir='/usr/share/man' --infodir='/usr/share/info' --sysconfdir=/etc --localstatedir=/var --disable-option-checking --disable-silent-rules --libdir='/usr/lib/x86_64-linux-gnu' --libexecdir='/usr/lib/x86_64-linux-gnu' --disable-maintainer-mode --disable-dependency-tracking --target=riscv64-unknown-elf --prefix=/usr --infodir=/usr/share/doc/gcc-riscv64-unknown-elf/info --mandir=/usr/share/man --htmldir=/usr/share/doc/gcc-riscv64-unknown-elf/html --pdfdir=/usr/share/doc/gcc-riscv64-unknown-elf/pdf --bindir=/usr/bin --libexecdir=/usr/lib --libdir=/usr/lib --with-pkgversion= --disable-shared --disable-threads --enable-languages=c,c++ --enable-tls --with-newlib --with-native-system-header-dir=/include --disable-libmudflap --disable-libssp --disable-libquadmath --disable-libgomp --disable-nls --with-system-zlib --enable-checking=yes --enable-multilib --with-abi=lp64d --disable-libstdcxx-pch --disable-libstdcxx --disable-fixinc --with-arch=rv64imafdc --with-gnu-as --with-gnu-ld --with-as=/usr/lib/riscv64-unknown-elf/bin/as --with-ld=/usr/lib/riscv64-unknown-elf/bin/ld AR_FOR_TARGET=/usr/lib/riscv64-unknown-elf/bin/ar AS_FOR_TARGET=/usr/lib/riscv64-unknown-elf/bin/as NM_FOR_TARGET=/usr/lib/riscv64-unknown-elf/bin/nm LD_FOR_TARGET=/usr/lib/riscv64-unknown-elf/bin/ld OBJDUMP_FOR_TARGET=/usr/lib/riscv64-unknown-elf/bin/objdump RANLIB_FOR_TARGET=/usr/lib/riscv64-unknown-elf/bin/ranlib READELF_FOR_TARGET=/usr/lib/riscv64-unknown-elf/bin/readelf STRIP_FOR_TARGET=/usr/lib/riscv64-unknown-elf/bin/strip CFLAGS='-g -O2 -fdebug-prefix-map=/build/gcc-riscv64-unknown-elf-LkcieF/gcc-riscv64-unknown-elf-10.2.0=. -fstack-protector-strong' CPPFLAGS='-Wdate-time -D_FORTIFY_SOURCE=2' CXXFLAGS='-g -O2 -fdebug-prefix-map=/build/gcc-riscv64-unknown-elf-LkcieF/gcc-riscv64-unknown-elf-10.2.0=. -fstack-protector-strong' FCFLAGS='-g -O2 -fdebug-prefix-map=/build/gcc-riscv64-unknown-elf-LkcieF/gcc-riscv64-unknown-elf-10.2.0=. -fstack-protector-strong' FFLAGS='-g -O2 -fdebug-prefix-map=/build/gcc-riscv64-unknown-elf-LkcieF/gcc-riscv64-unknown-elf-10.2.0=. -fstack-protector-strong' GCJFLAGS='-g -O2 -fdebug-prefix-map=/build/gcc-riscv64-unknown-elf-LkcieF/gcc-riscv64-unknown-elf-10.2.0=. -fstack-protector-strong' LDFLAGS='-Wl,-Bsymbolic-functions -Wl,-z,relro -Wl,-z,now' OBJCFLAGS='-g -O2 -fdebug-prefix-map=/build/gcc-riscv64-unknown-elf-LkcieF/gcc-riscv64-unknown-elf-10.2.0=. -fstack-protector-strong' OBJCXXFLAGS='-g -O2 -fdebug-prefix-map=/build/gcc-riscv64-unknown-elf-LkcieF/gcc-riscv64-unknown-elf-10.2.0=. -fstack-protector-strong' 'CFLAGS_FOR_TARGET=-Os -mcmodel=medany' 'CXXFLAGS_FOR_TARGET=-Os -mcmodel=medany'
Thread model: single
Supported LTO compression algorithms: zlib
gcc version 10.2.0 () 
gmake[1]: *** [CMakeFiles/cmTC_8d077.dir/build.make:99: cmTC_8d077] Error 1
gmake[1]: Leaving directory '/home/students/200110603/xv6-labs-2020/build/CMakeFiles/CMakeTmp'
gmake: *** [Makefile:127: cmTC_8d077/fast] Error 2




Determining if the C compiler works failed with the following output:
Change Dir: /home/students/200110603/xv6-labs-2020/build/CMakeFiles/CMakeTmp

Run Build Command(s):/usr/bin/gmake -f Makefile cmTC_4d7f3/fast && /usr/bin/gmake  -f CMakeFiles/cmTC_4d7f3.dir/build.make CMakeFiles/cmTC_4d7f3.dir/build
gmake[1]: Entering directory '/home/students/200110603/xv6-labs-2020/build/CMakeFiles/CMakeTmp'
Building C object CMakeFiles/cmTC_4d7f3.dir/testCCompiler.c.o
/usr/bin/riscv64-unknown-elf-gcc    -o CMakeFiles/cmTC_4d7f3.dir/testCCompiler.c.o -c /home/students/200110603/xv6-labs-2020/build/CMakeFiles/CMakeTmp/testCCompiler.c
Linking C executable cmTC_4d7f3
/usr/bin/cmake -E cmake_link_script CMakeFiles/cmTC_4d7f3.dir/link.txt --verbose=1
/usr/bin/riscv64-unknown-elf-gcc -rdynamic CMakeFiles/cmTC_4d7f3.dir/testCCompiler.c.o -o cmTC_4d7f3 
riscv64-unknown-elf-gcc: error: unrecognized command-line option '-rdynamic'
gmake[1]: *** [CMakeFiles/cmTC_4d7f3.dir/build.make:99: cmTC_4d7f3] Error 1
gmake[1]: Leaving directory '/home/students/200110603/xv6-labs-2020/build/CMakeFiles/CMakeTmp'
gmake: *** [Makefile:127: cmTC_4d7f3/fast] Error 2



Compiling the C compiler identification source file "CMakeCCompilerId.c" failed.
Compiler: /usr/bin/riscv64-unknown-elf-gcc 
Build flags: 
Id flags:  

The output was:
1
/usr/lib/riscv64-unknown-elf/bin/ld: cannot find crt0.o: No such file or directory
/usr/lib/riscv64-unknown-elf/bin/ld: cannot find -lc
/usr/lib/riscv64-unknown-elf/bin/ld: cannot find -lgloss
collect2: error: ld returned 1 exit status


Detecting C compiler ABI info failed to compile with the following output:
Change Dir: /home/students/200110603/xv6-labs-2020/build/CMakeFiles/CMakeTmp

Run Build Command(s):/usr/bin/gmake -f Makefile cmTC_38fb8/fast && /usr/bin/gmake  -f CMakeFiles/cmTC_38fb8.dir/build.make CMakeFiles/cmTC_38fb8.dir/build
gmake[1]: Entering directory '/home/students/200110603/xv6-labs-2020/build/CMakeFiles/CMakeTmp'
Building C object CMakeFiles/cmTC_38fb8.dir/CMakeCCompilerABI.c.o
/usr/bin/riscv64-unknown-elf-gcc   -v -o CMakeFiles/cmTC_38fb8.dir/CMakeCCompilerABI.c.o -c /usr/share/cmake-3.22/Modules/CMakeCCompilerABI.c
Using built-in specs.
COLLECT_GCC=/usr/bin/riscv64-unknown-elf-gcc
Target: riscv64-unknown-elf
Configured with: ../configure --build=x86_64-linux-gnu --prefix=/usr --includedir='/usr/include' --mandir='/usr/share/man' --infodir='/usr/share/info' --sysconfdir=/etc --localstatedir=/var --disable-option-checking --disable-silent-rules --libdir='/usr/lib/x86_64-linux-gnu' --libexecdir='/usr/lib/x86_64-linux-gnu' --disable-maintainer-mode --disable-dependency-tracking --target=riscv64-unknown-elf --prefix=/usr --infodir=/usr/share/doc/gcc-riscv64-unknown-elf/info --mandir=/usr/share/man --htmldir=/usr/share/doc/gcc-riscv64-unknown-elf/html --pdfdir=/usr/share/doc/gcc-riscv64-unknown-elf/pdf --bindir=/usr/bin --libexecdir=/usr/lib --libdir=/usr/lib --with-pkgversion= --disable-shared --disable-threads --enable-languages=c,c++ --enable-tls --with-newlib --with-native-system-header-dir=/include --disable-libmudflap --disable-libssp --disable-libquadmath --disable-libgomp --disable-nls --with-system-zlib --enable-checking=yes --enable-multilib --with-abi=lp64d --disable-libstdcxx-pch --disable-libstdcxx --disable-fixinc --with-arch=rv64imafdc --with-gnu-as --with-gnu-ld --with-as=/usr/lib/riscv64-unknown-elf/bin/as --with-ld=/usr/lib/riscv64-unknown-elf/bin/ld AR_FOR_TARGET=/usr/lib/riscv64-unknown-elf/bin/ar AS_FOR_TARGET=/usr/lib/riscv64-unknown-elf/bin/as NM_FOR_TARGET=/usr/lib/riscv64-unknown-elf/bin/nm LD_FOR_TARGET=/usr/lib/riscv64-unknown-elf/bin/ld OBJDUMP_FOR_TARGET=/usr/lib/riscv64-unknown-elf/bin/objdump RANLIB_FOR_TARGET=/usr/lib/riscv64-unknown-elf/bin/ranlib READELF_FOR_TARGET=/usr/lib/riscv64-unknown-elf/bin/readelf STRIP_FOR_TARGET=/usr/lib/riscv64-unknown-elf/bin/strip CFLAGS='-g -O2 -fdebug-prefix-map=/build/gcc-riscv64-unknown-elf-LkcieF/gcc-riscv64-unknown-elf-10.2.0=. -fstack-protector-strong' CPPFLAGS='-Wdate-time -D_FORTIFY_SOURCE=2' CXXFLAGS='-g -O2 -fdebug-prefix-map=/build/gcc-riscv64-unknown-elf-LkcieF/gcc-riscv64-unknown-elf-10.2.0=. -fstack-protector-strong' FCFLAGS='-g -O2 -fdebug-prefix-map=/build/gcc-riscv64-unknown-elf-LkcieF/gcc-riscv64-unknown-elf-10.2.0=. -fstack-protector-strong' FFLAGS='-g -O2 -fdebug-prefix-map=/build/gcc-riscv64-unknown-elf-LkcieF/gcc-riscv64-unknown-elf-10.2.0=. -fstack-protector-strong' GCJFLAGS='-g -O2 -fdebug-prefix-map=/build/gcc-riscv64-unknown-elf-LkcieF/gcc-riscv64-unknown-elf-10.2.0=. -fstack-protector-strong' LDFLAGS='-Wl,-Bsymbolic-functions -Wl,-z,relro -Wl,-z,now' OBJCFLAGS='-g -O2 -fdebug-prefix-map=/build/gcc-riscv64-unknown-elf-LkcieF/gcc-riscv64-unknown-elf-10.2.0=. -fstack-protector-strong' OBJCXXFLAGS='-g -O2 -fdebug-prefix-map=/build/gcc-riscv64-unknown-elf-LkcieF/gcc-riscv64-unknown-elf-10.2.0=. -fstack-protector-strong' 'CFLAGS_FOR_TARGET=-Os -mcmodel=medany' 'CXXFLAGS_FOR_TARGET=-Os -mcmodel=medany'
Thread model: single
Supported LTO compression algorithms: zlib
gcc version 10.2.0 () 
COLLECT_GCC_OPTIONS='-v' '-o' 'CMakeFiles/cmTC_38fb8.dir/CMakeCCompilerABI.c.o' '-c' '-march=rv64imafdc' '-mabi=lp64d'
 /usr/lib/gcc/riscv64-unknown-elf/10.2.0/cc1 -quiet -v -imultilib rv64imafdc/lp64d /usr/share/cmake-3.22/Modules/CMakeCCompilerABI.c -quiet -dumpbase CMakeCCompilerABI.c -march=rv64imafdc -mabi=lp64d -auxbase-strip CMakeFiles/cmTC_38fb8.dir/CMakeCCompilerABI.c.o -version -o /tmp/cc0zJPFu.s
GNU C17 () version 10.2.0 (riscv64-unknown-elf)
	compiled by GNU C version 10.2.0, GMP version 6.2.0, MPFR version 4.1.0, MPC version 1.2.0-rc1, isl version none
warning: GMP header version 6.2.0 differs from library version 6.2.1.
warning: MPC header version 1.2.0-rc1 differs from library version 1.2.1.
GGC heuristics: --param ggc-min-expand=30 --param ggc-min-heapsize=4096
ignoring nonexistent directory "/usr/lib/gcc/riscv64-unknown-elf/10.2.0/../../../../riscv64-unknown-elf/sys-include"
ignoring nonexistent directory "/usr/lib/gcc/riscv64-unknown-elf/10.2.0/../../../../riscv64-unknown-elf/include"
#include "..." search starts here:
#include <...> search starts here:
 /usr/lib/gcc/riscv64-unknown-elf/10.2.0/include
 /usr/lib/gcc/riscv64-unknown-elf/10.2.0/include-fixed
End of search list.
GNU C17 () version 10.2.0 (riscv64-unknown-elf)
	compiled by GNU C version 10.2.0, GMP version 6.2.0, MPFR version 4.1.0, MPC version 1.2.0-rc1, isl version none
warning: GMP header version 6.2.0 differs from library version 6.2.1.
warning: MPC header version 1.2.0-rc1 differs from library version 1.2.1.
GGC heuristics: --param ggc-min-expand=30 --param ggc-min-heapsize=4096
Compiler executable checksum: 25503746c4b264fb4a430029e3344b15
COLLECT_GCC_OPTIONS='-v' '-o' 'CMakeFiles/cmTC_38fb8.dir/CMakeCCompilerABI.c.o' '-c' '-march=rv64imafdc' '-mabi=lp64d'
 /usr/lib/riscv64-unknown-elf/bin/as -v --traditional-format -march=rv64imafdc -mabi=lp64d -o CMakeFiles/cmTC_38fb8.dir/CMakeCCompilerABI.c.o /tmp/cc0zJPFu.s
GNU assembler version 2.35.1 (riscv64-unknown-elf) using BFD version () 2.35.1
COMPILER_PATH=/usr/lib/gcc/riscv64-unknown-elf/10.2.0/:/usr/lib/gcc/riscv64-unknown-elf/10.2.0/:/usr/lib/gcc/riscv64-unknown-elf/:/usr/lib/gcc/riscv64-unknown-elf/10.2.0/:/usr/lib/gcc/riscv64-unknown-elf/
LIBRARY_PATH=/usr/lib/gcc/riscv64-unknown-elf/10.2.0/rv64imafdc/lp64d/:/usr/lib/gcc/riscv64-unknown-elf/10.2.0/
COLLECT_GCC_OPTIONS='-v' '-o' 'CMakeFiles/cmTC_38fb8.dir/CMakeCCompilerABI.c.o' '-c' '-march=rv64imafdc' '-mabi=lp64d'
Linking C executable cmTC_38fb8
/usr/bin/cmake -E cmake_link_script CMakeFiles/cmTC_38fb8.dir/link.txt --verbose=1
/usr/bin/riscv64-unknown-elf-gcc  -v -rdynamic CMakeFiles/cmTC_38fb8.dir/CMakeCCompilerABI.c.o -o cmTC_38fb8 
Using built-in specs.
COLLECT_GCC=/usr/bin/riscv64-unknown-elf-gcc
COLLECT_LTO_WRAPPER=/usr/lib/gcc/riscv64-unknown-elf/10.2.0/lto-wrapper
riscv64-unknown-elf-gcc: error: unrecognized command-line option '-rdynamic'
Target: riscv64-unknown-elf
Configured with: ../configure --build=x86_64-linux-gnu --prefix=/usr --includedir='/usr/include' --mandir='/usr/share/man' --infodir='/usr/share/info' --sysconfdir=/etc --localstatedir=/var --disable-option-checking --disable-silent-rules --libdir='/usr/lib/x86_64-linux-gnu' --libexecdir='/usr/lib/x86_64-linux-gnu' --disable-maintainer-mode --disable-dependency-tracking --target=riscv64-unknown-elf --prefix=/usr --infodir=/usr/share/doc/gcc-riscv64-unknown-elf/info --mandir=/usr/share/man --htmldir=/usr/share/doc/gcc-riscv64-unknown-elf/html --pdfdir=/usr/share/doc/gcc-riscv64-unknown-elf/pdf --bindir=/usr/bin --libexecdir=/usr/lib --libdir=/usr/lib --with-pkgversion= --disable-shared --disable-threads --enable-languages=c,c++ --enable-tls --with-newlib --with-native-system-header-dir=/include --disable-libmudflap --disable-libssp --disable-libquadmath --disable-libgomp --disable-nls --with-system-zlib --enable-checking=yes --enable-multilib --with-abi=lp64d --disable-libstdcxx-pch --disable-libstdcxx --disable-fixinc --with-arch=rv64imafdc --with-gnu-as --with-gnu-ld --with-as=/usr/lib/riscv64-unknown-elf/bin/as --with-ld=/usr/lib/riscv64-unknown-elf/bin/ld AR_FOR_TARGET=/usr/lib/riscv64-unknown-elf/bin/ar AS_FOR_TARGET=/usr/lib/riscv64-unknown-elf/bin/as NM_FOR_TARGET=/usr/lib/riscv64-unknown-elf/bin/nm LD_FOR_TARGET=/usr/lib/riscv64-unknown-elf/bin/ld OBJDUMP_FOR_TARGET=/usr/lib/riscv64-unknown-elf/bin/objdump RANLIB_FOR_TARGET=/usr/lib/riscv64-unknown-elf/bin/ranlib READELF_FOR_TARGET=/usr/lib/riscv64-unknown-elf/bin/readelf STRIP_FOR_TARGET=/usr/lib/riscv64-unknown-elf/bin/strip CFLAGS='-g -O2 -fdebug-prefix-map=/build/gcc-riscv64-unknown-elf-LkcieF/gcc-riscv64-unknown-elf-10.2.0=. -fstack-protector-strong' CPPFLAGS='-Wdate-time -D_FORTIFY_SOURCE=2' CXXFLAGS='-g -O2 -fdebug-prefix-map=/build/gcc-riscv64-unknown-elf-LkcieF/gcc-riscv64-unknown-elf-10.2.0=. -fstack-protector-strong' FCFLAGS='-g -O2 -fdebug-prefix-map=/build/gcc-riscv64-unknown-elf-LkcieF/gcc-riscv64-unknown-elf-10.2.0=. -fstack-protector-strong' FFLAGS='-g -O2 -fdebug-prefix-map=/build/gcc-riscv64-unknown-elf-LkcieF/gcc-riscv64-unknown-elf-10.2.0=. -fstack-protector-strong' GCJFLAGS='-g -O2 -fdebug-prefix-map=/build/gcc-riscv64-unknown-elf-LkcieF/gcc-riscv64-unknown-elf-10.2.0=. -fstack-protector-strong' LDFLAGS='-Wl,-Bsymbolic-functions -Wl,-z,relro -Wl,-z,now' OBJCFLAGS='-g -O2 -fdebug-prefix-map=/build/gcc-riscv64-unknown-elf-LkcieF/gcc-riscv64-unknown-elf-10.2.0=. -fstack-protector-strong' OBJCXXFLAGS='-g -O2 -fdebug-prefix-map=/build/gcc-riscv64-unknown-elf-LkcieF/gcc-riscv64-unknown-elf-10.2.0=. -fstack-protector-strong' 'CFLAGS_FOR_TARGET=-Os -mcmodel=medany' 'CXXFLAGS_FOR_TARGET=-Os -mcmodel=medany'
Thread model: single
Supported LTO compression algorithms: zlib
gcc version 10.2.0 () 
gmake[1]: *** [CMakeFiles/cmTC_38fb8.dir/build.make:99: cmTC_38fb8] Error 1
gmake[1]: Leaving directory '/home/students/200110603/xv6-labs-2020/build/CMakeFiles/CMakeTmp'
gmake: *** [Makefile:127: cmTC_38fb8/fast] Error 2




Determining if the C compiler works failed with the following output:
Change Dir: /home/students/200110603/xv6-labs-2020/build/CMakeFiles/CMakeTmp

Run Build Command(s):/usr/bin/gmake -f Makefile cmTC_27195/fast && /usr/bin/gmake  -f CMakeFiles/cmTC_27195.dir/build.make CMakeFiles/cmTC_27195.dir/build
gmake[1]: Entering directory '/home/students/200110603/xv6-labs-2020/build/CMakeFiles/CMakeTmp'
Building C object CMakeFiles/cmTC_27195.dir/testCCompiler.c.o
/usr/bin/riscv64-unknown-elf-gcc    -o CMakeFiles/cmTC_27195.dir/testCCompiler.c.o -c /home/students/200110603/xv6-labs-2020/build/CMakeFiles/CMakeTmp/testCCompiler.c
Linking C executable cmTC_27195
/usr/bin/cmake -E cmake_link_script CMakeFiles/cmTC_27195.dir/link.txt --verbose=1
/usr/bin/riscv64-unknown-elf-gcc -rdynamic CMakeFiles/cmTC_27195.dir/testCCompiler.c.o -o cmTC_27195 
riscv64-unknown-elf-gcc: error: unrecognized command-line option '-rdynamic'
gmake[1]: *** [CMakeFiles/cmTC_27195.dir/build.make:99: cmTC_27195] Error 1
gmake[1]: Leaving directory '/home/students/200110603/xv6-labs-2020/build/CMakeFiles/CMakeTmp'
gmake: *** [Makefile:127: cmTC_27195/fast] Error 2



Compiling the C compiler identification source file "CMakeCCompilerId.c" failed.
Compiler: /usr/bin/riscv64-unknown-elf-gcc 
Build flags: 
Id flags:  

The output was:
1
/usr/lib/riscv64-unknown-elf/bin/ld: cannot find crt0.o: No such file or directory
/usr/lib/riscv64-unknown-elf/bin/ld: cannot find -lc
/usr/lib/riscv64-unknown-elf/bin/ld: cannot find -lgloss
collect2: error: ld returned 1 exit status


Detecting C compiler ABI info failed to compile with the following output:
Change Dir: /home/students/200110603/xv6-labs-2020/build/CMakeFiles/CMakeTmp

Run Build Command(s):/usr/bin/gmake -f Makefile cmTC_717a3/fast && /usr/bin/gmake  -f CMakeFiles/cmTC_717a3.dir/build.make CMakeFiles/cmTC_717a3.dir/build
gmake[1]: Entering directory '/home/students/200110603/xv6-labs-2020/build/CMakeFiles/CMakeTmp'
Building C object CMakeFiles/cmTC_717a3.dir/CMakeCCompilerABI.c.o
/usr/bin/riscv64-unknown-elf-gcc   -v -o CMakeFiles/cmTC_717a3.dir/CMakeCCompilerABI.c.o -c /usr/share/cmake-3.22/Modules/CMakeCCompilerABI.c
Using built-in specs.
COLLECT_GCC=/usr/bin/riscv64-unknown-elf-gcc
Target: riscv64-unknown-elf
Configured with: ../configure --build=x86_64-linux-gnu --prefix=/usr --includedir='/usr/include' --mandir='/usr/share/man' --infodir='/usr/share/info' --sysconfdir=/etc --localstatedir=/var --disable-option-checking --disable-silent-rules --libdir='/usr/lib/x86_64-linux-gnu' --libexecdir='/usr/lib/x86_64-linux-gnu' --disable-maintainer-mode --disable-dependency-tracking --target=riscv64-unknown-elf --prefix=/usr --infodir=/usr/share/doc/gcc-riscv64-unknown-elf/info --mandir=/usr/share/man --htmldir=/usr/share/doc/gcc-riscv64-unknown-elf/html --pdfdir=/usr/share/doc/gcc-riscv64-unknown-elf/pdf --bindir=/usr/bin --libexecdir=/usr/lib --libdir=/usr/lib --with-pkgversion= --disable-shared --disable-threads --enable-languages=c,c++ --enable-tls --with-newlib --with-native-system-header-dir=/include --disable-libmudflap --disable-libssp --disable-libquadmath --disable-libgomp --disable-nls --with-system-zlib --enable-checking=yes --enable-multilib --with-abi=lp64d --disable-libstdcxx-pch --disable-libstdcxx --disable-fixinc --with-arch=rv64imafdc --with-gnu-as --with-gnu-ld --with-as=/usr/lib/riscv64-unknown-elf/bin/as --with-ld=/usr/lib/riscv64-unknown-elf/bin/ld AR_FOR_TARGET=/usr/lib/riscv64-unknown-elf/bin/ar AS_FOR_TARGET=/usr/lib/riscv64-unknown-elf/bin/as NM_FOR_TARGET=/usr/lib/riscv64-unknown-elf/bin/nm LD_FOR_TARGET=/usr/lib/riscv64-unknown-elf/bin/ld OBJDUMP_FOR_TARGET=/usr/lib/riscv64-unknown-elf/bin/objdump RANLIB_FOR_TARGET=/usr/lib/riscv64-unknown-elf/bin/ranlib READELF_FOR_TARGET=/usr/lib/riscv64-unknown-elf/bin/readelf STRIP_FOR_TARGET=/usr/lib/riscv64-unknown-elf/bin/strip CFLAGS='-g -O2 -fdebug-prefix-map=/build/gcc-riscv64-unknown-elf-LkcieF/gcc-riscv64-unknown-elf-10.2.0=. -fstack-protector-strong' CPPFLAGS='-Wdate-time -D_FORTIFY_SOURCE=2' CXXFLAGS='-g -O2 -fdebug-prefix-map=/build/gcc-riscv64-unknown-elf-LkcieF/gcc-riscv64-unknown-elf-10.2.0=. -fstack-protector-strong' FCFLAGS='-g -O2 -fdebug-prefix-map=/build/gcc-riscv64-unknown-elf-LkcieF/gcc-riscv64-unknown-elf-10.2.0=. -fstack-protector-strong' FFLAGS='-g -O2 -fdebug-prefix-map=/build/gcc-riscv64-unknown-elf-LkcieF/gcc-riscv64-unknown-elf-10.2.0=. -fstack-protector-strong' GCJFLAGS='-g -O2 -fdebug-prefix-map=/build/gcc-riscv64-unknown-elf-LkcieF/gcc-riscv64-unknown-elf-10.2.0=. -fstack-protector-strong' LDFLAGS='-Wl,-Bsymbolic-functions -Wl,-z,relro -Wl,-z,now' OBJCFLAGS='-g -O2 -fdebug-prefix-map=/build/gcc-riscv64-unknown-elf-LkcieF/gcc-riscv64-unknown-elf-10.2.0=. -fstack-protector-strong' OBJCXXFLAGS='-g -O2 -fdebug-prefix-map=/build/gcc-riscv64-unknown-elf-LkcieF/gcc-riscv64-unknown-elf-10.2.0=. -fstack-protector-strong' 'CFLAGS_FOR_TARGET=-Os -mcmodel=medany' 'CXXFLAGS_FOR_TARGET=-Os -mcmodel=medany'
Thread model: single
Supported LTO compression algorithms: zlib
gcc version 10.2.0 () 
COLLECT_GCC_OPTIONS='-v' '-o' 'CMakeFiles/cmTC_717a3.dir/CMakeCCompilerABI.c.o' '-c' '-march=rv64imafdc' '-mabi=lp64d'
 /usr/lib/gcc/riscv64-unknown-elf/10.2.0/cc1 -quiet -v -imultilib rv64imafdc/lp64d /usr/share/cmake-3.22/Modules/CMakeCCompilerABI.c -quiet -dumpbase CMakeCCompilerABI.c -march=rv64imafdc -mabi=lp64d -auxbase-strip CMakeFiles/cmTC_717a3.dir/CMakeCCompilerABI.c.o -version -o /tmp/cc8Y6abx.s
GNU C17 () version 10.2.0 (riscv64-unknown-elf)
	compiled by GNU C version 10.2.0, GMP version 6.2.0, MPFR version 4.1.0, MPC version 1.2.0-rc1, isl version none
warning: GMP header version 6.2.0 differs from library version 6.2.1.
warning: MPC header version 1.2.0-rc1 differs from library version 1.2.1.
GGC heuristics: --param ggc-min-expand=30 --param ggc-min-heapsize=4096
ignoring nonexistent directory "/usr/lib/gcc/riscv64-unknown-elf/10.2.0/../../../../riscv64-unknown-elf/sys-include"
ignoring nonexistent directory "/usr/lib/gcc/riscv64-unknown-elf/10.2.0/../../../../riscv64-unknown-elf/include"
#include "..." search starts here:
#include <...> search starts here:
 /usr/lib/gcc/riscv64-unknown-elf/10.2.0/include
 /usr/lib/gcc/riscv64-unknown-elf/10.2.0/include-fixed
End of search list.
GNU C17 () version 10.2.0 (riscv64-unknown-elf)
	compiled by GNU C version 10.2.0, GMP version 6.2.0, MPFR version 4.1.0, MPC version 1.2.0-rc1, isl version none
warning: GMP header version 6.2.0 differs from library version 6.2.1.
warning: MPC header version 1.2.0-rc1 differs from library version 1.2.1.
GGC heuristics: --param ggc-min-expand=30 --param ggc-min-heapsize=4096
Compiler executable checksum: 25503746c4b264fb4a430029e3344b15
COLLECT_GCC_OPTIONS='-v' '-o' 'CMakeFiles/cmTC_717a3.dir/CMakeCCompilerABI.c.o' '-c' '-march=rv64imafdc' '-mabi=lp64d'
 /usr/lib/riscv64-unknown-elf/bin/as -v --traditional-format -march=rv64imafdc -mabi=lp64d -o CMakeFiles/cmTC_717a3.dir/CMakeCCompilerABI.c.o /tmp/cc8Y6abx.s
GNU assembler version 2.35.1 (riscv64-unknown-elf) using BFD version () 2.35.1
COMPILER_PATH=/usr/lib/gcc/riscv64-unknown-elf/10.2.0/:/usr/lib/gcc/riscv64-unknown-elf/10.2.0/:/usr/lib/gcc/riscv64-unknown-elf/:/usr/lib/gcc/riscv64-unknown-elf/10.2.0/:/usr/lib/gcc/riscv64-unknown-elf/
LIBRARY_PATH=/usr/lib/gcc/riscv64-unknown-elf/10.2.0/rv64imafdc/lp64d/:/usr/lib/gcc/riscv64-unknown-elf/10.2.0/
COLLECT_GCC_OPTIONS='-v' '-o' 'CMakeFiles/cmTC_717a3.dir/CMakeCCompilerABI.c.o' '-c' '-march=rv64imafdc' '-mabi=lp64d'
Linking C executable cmTC_717a3
/usr/bin/cmake -E cmake_link_script CMakeFiles/cmTC_717a3.dir/link.txt --verbose=1
/usr/bin/riscv64-unknown-elf-gcc  -v -rdynamic CMakeFiles/cmTC_717a3.dir/CMakeCCompilerABI.c.o -o cmTC_717a3 
Using built-in specs.
COLLECT_GCC=/usr/bin/riscv64-unknown-elf-gcc
COLLECT_LTO_WRAPPER=/usr/lib/gcc/riscv64-unknown-elf/10.2.0/lto-wrapper
riscv64-unknown-elf-gcc: error: unrecognized command-line option '-rdynamic'
Target: riscv64-unknown-elf
Configured with: ../configure --build=x86_64-linux-gnu --prefix=/usr --includedir='/usr/include' --mandir='/usr/share/man' --infodir='/usr/share/info' --sysconfdir=/etc --localstatedir=/var --disable-option-checking --disable-silent-rules --libdir='/usr/lib/x86_64-linux-gnu' --libexecdir='/usr/lib/x86_64-linux-gnu' --disable-maintainer-mode --disable-dependency-tracking --target=riscv64-unknown-elf --prefix=/usr --infodir=/usr/share/doc/gcc-riscv64-unknown-elf/info --mandir=/usr/share/man --htmldir=/usr/share/doc/gcc-riscv64-unknown-elf/html --pdfdir=/usr/share/doc/gcc-riscv64-unknown-elf/pdf --bindir=/usr/bin --libexecdir=/usr/lib --libdir=/usr/lib --with-pkgversion= --disable-shared --disable-threads --enable-languages=c,c++ --enable-tls --with-newlib --with-native-system-header-dir=/include --disable-libmudflap --disable-libssp --disable-libquadmath --disable-libgomp --disable-nls --with-system-zlib --enable-checking=yes --enable-multilib --with-abi=lp64d --disable-libstdcxx-pch --disable-libstdcxx --disable-fixinc --with-arch=rv64imafdc --with-gnu-as --with-gnu-ld --with-as=/usr/lib/riscv64-unknown-elf/bin/as --with-ld=/usr/lib/riscv64-unknown-elf/bin/ld AR_FOR_TARGET=/usr/lib/riscv64-unknown-elf/bin/ar AS_FOR_TARGET=/usr/lib/riscv64-unknown-elf/bin/as NM_FOR_TARGET=/usr/lib/riscv64-unknown-elf/bin/nm LD_FOR_TARGET=/usr/lib/riscv64-unknown-elf/bin/ld OBJDUMP_FOR_TARGET=/usr/lib/riscv64-unknown-elf/bin/objdump RANLIB_FOR_TARGET=/usr/lib/riscv64-unknown-elf/bin/ranlib READELF_FOR_TARGET=/usr/lib/riscv64-unknown-elf/bin/readelf STRIP_FOR_TARGET=/usr/lib/riscv64-unknown-elf/bin/strip CFLAGS='-g -O2 -fdebug-prefix-map=/build/gcc-riscv64-unknown-elf-LkcieF/gcc-riscv64-unknown-elf-10.2.0=. -fstack-protector-strong' CPPFLAGS='-Wdate-time -D_FORTIFY_SOURCE=2' CXXFLAGS='-g -O2 -fdebug-prefix-map=/build/gcc-riscv64-unknown-elf-LkcieF/gcc-riscv64-unknown-elf-10.2.0=. -fstack-protector-strong' FCFLAGS='-g -O2 -fdebug-prefix-map=/build/gcc-riscv64-unknown-elf-LkcieF/gcc-riscv64-unknown-elf-10.2.0=. -fstack-protector-strong' FFLAGS='-g -O2 -fdebug-prefix-map=/build/gcc-riscv64-unknown-elf-LkcieF/gcc-riscv64-unknown-elf-10.2.0=. -fstack-protector-strong' GCJFLAGS='-g -O2 -fdebug-prefix-map=/build/gcc-riscv64-unknown-elf-LkcieF/gcc-riscv64-unknown-elf-10.2.0=. -fstack-protector-strong' LDFLAGS='-Wl,-Bsymbolic-functions -Wl,-z,relro -Wl,-z,now' OBJCFLAGS='-g -O2 -fdebug-prefix-map=/build/gcc-riscv64-unknown-elf-LkcieF/gcc-riscv64-unknown-elf-10.2.0=. -fstack-protector-strong' OBJCXXFLAGS='-g -O2 -fdebug-prefix-map=/build/gcc-riscv64-unknown-elf-LkcieF/gcc-riscv64-unknown-elf-10.2.0=. -fstack-protector-strong' 'CFLAGS_FOR_TARGET=-Os -mcmodel=medany' 'CXXFLAGS_FOR_TARGET=-Os -mcmodel=medany'
Thread model: single
Supported LTO compression algorithms: zlib
gcc version 10.2.0 () 
gmake[1]: *** [CMakeFiles/cmTC_717a3.dir/build.make:99: cmTC_717a3] Error 1
gmake[1]: Leaving directory '/home/students/200110603/xv6-labs-2020/build/CMakeFiles/CMakeTmp'
gmake: *** [Makefile:127: cmTC_717a3/fast] Error 2




Determining if the C compiler works failed with the following output:
Change Dir: /home/students/200110603/xv6-labs-2020/build/CMakeFiles/CMakeTmp

Run Build Command(s):/usr/bin/gmake -f Makefile cmTC_350c4/fast && /usr/bin/gmake  -f CMakeFiles/cmTC_350c4.dir/build.make CMakeFiles/cmTC_350c4.dir/build
gmake[1]: Entering directory '/home/students/200110603/xv6-labs-2020/build/CMakeFiles/CMakeTmp'
Building C object CMakeFiles/cmTC_350c4.dir/testCCompiler.c.o
/usr/bin/riscv64-unknown-elf-gcc    -o CMakeFiles/cmTC_350c4.dir/testCCompiler.c.o -c /home/students/200110603/xv6-labs-2020/build/CMakeFiles/CMakeTmp/testCCompiler.c
Linking C executable cmTC_350c4
/usr/bin/cmake -E cmake_link_script CMakeFiles/cmTC_350c4.dir/link.txt --verbose=1
/usr/bin/riscv64-unknown-elf-gcc -rdynamic CMakeFiles/cmTC_350c4.dir/testCCompiler.c.o -o cmTC_350c4 
riscv64-unknown-elf-gcc: error: unrecognized command-line option '-rdynamic'
gmake[1]: *** [CMakeFiles/cmTC_350c4.dir/build.make:99: cmTC_350c4] Error 1
gmake[1]: Leaving directory '/home/students/200110603/xv6-labs-2020/build/CMakeFiles/CMakeTmp'
gmake: *** [Makefile:127: cmTC_350c4/fast] Error 2



Compiling the C compiler identification source file "CMakeCCompilerId.c" failed.
Compiler: /usr/bin/riscv64-unknown-elf-gcc 
Build flags: 
Id flags:  

The output was:
1
/usr/lib/riscv64-unknown-elf/bin/ld: cannot find crt0.o: No such file or directory
/usr/lib/riscv64-unknown-elf/bin/ld: cannot find -lc
/usr/lib/riscv64-unknown-elf/bin/ld: cannot find -lgloss
collect2: error: ld returned 1 exit status


Detecting C compiler ABI info failed to compile with the following output:
Change Dir: /home/students/200110603/xv6-labs-2020/build/CMakeFiles/CMakeTmp

Run Build Command(s):/usr/bin/gmake -f Makefile cmTC_6224e/fast && /usr/bin/gmake  -f CMakeFiles/cmTC_6224e.dir/build.make CMakeFiles/cmTC_6224e.dir/build
gmake[1]: Entering directory '/home/students/200110603/xv6-labs-2020/build/CMakeFiles/CMakeTmp'
Building C object CMakeFiles/cmTC_6224e.dir/CMakeCCompilerABI.c.o
/usr/bin/riscv64-unknown-elf-gcc   -v -o CMakeFiles/cmTC_6224e.dir/CMakeCCompilerABI.c.o -c /usr/share/cmake-3.22/Modules/CMakeCCompilerABI.c
Using built-in specs.
COLLECT_GCC=/usr/bin/riscv64-unknown-elf-gcc
Target: riscv64-unknown-elf
Configured with: ../configure --build=x86_64-linux-gnu --prefix=/usr --includedir='/usr/include' --mandir='/usr/share/man' --infodir='/usr/share/info' --sysconfdir=/etc --localstatedir=/var --disable-option-checking --disable-silent-rules --libdir='/usr/lib/x86_64-linux-gnu' --libexecdir='/usr/lib/x86_64-linux-gnu' --disable-maintainer-mode --disable-dependency-tracking --target=riscv64-unknown-elf --prefix=/usr --infodir=/usr/share/doc/gcc-riscv64-unknown-elf/info --mandir=/usr/share/man --htmldir=/usr/share/doc/gcc-riscv64-unknown-elf/html --pdfdir=/usr/share/doc/gcc-riscv64-unknown-elf/pdf --bindir=/usr/bin --libexecdir=/usr/lib --libdir=/usr/lib --with-pkgversion= --disable-shared --disable-threads --enable-languages=c,c++ --enable-tls --with-newlib --with-native-system-header-dir=/include --disable-libmudflap --disable-libssp --disable-libquadmath --disable-libgomp --disable-nls --with-system-zlib --enable-checking=yes --enable-multilib --with-abi=lp64d --disable-libstdcxx-pch --disable-libstdcxx --disable-fixinc --with-arch=rv64imafdc --with-gnu-as --with-gnu-ld --with-as=/usr/lib/riscv64-unknown-elf/bin/as --with-ld=/usr/lib/riscv64-unknown-elf/bin/ld AR_FOR_TARGET=/usr/lib/riscv64-unknown-elf/bin/ar AS_FOR_TARGET=/usr/lib/riscv64-unknown-elf/bin/as NM_FOR_TARGET=/usr/lib/riscv64-unknown-elf/bin/nm LD_FOR_TARGET=/usr/lib/riscv64-unknown-elf/bin/ld OBJDUMP_FOR_TARGET=/usr/lib/riscv64-unknown-elf/bin/objdump RANLIB_FOR_TARGET=/usr/lib/riscv64-unknown-elf/bin/ranlib READELF_FOR_TARGET=/usr/lib/riscv64-unknown-elf/bin/readelf STRIP_FOR_TARGET=/usr/lib/riscv64-unknown-elf/bin/strip CFLAGS='-g -O2 -fdebug-prefix-map=/build/gcc-riscv64-unknown-elf-LkcieF/gcc-riscv64-unknown-elf-10.2.0=. -fstack-protector-strong' CPPFLAGS='-Wdate-time -D_FORTIFY_SOURCE=2' CXXFLAGS='-g -O2 -fdebug-prefix-map=/build/gcc-riscv64-unknown-elf-LkcieF/gcc-riscv64-unknown-elf-10.2.0=. -fstack-protector-strong' FCFLAGS='-g -O2 -fdebug-prefix-map=/build/gcc-riscv64-unknown-elf-LkcieF/gcc-riscv64-unknown-elf-10.2.0=. -fstack-protector-strong' FFLAGS='-g -O2 -fdebug-prefix-map=/build/gcc-riscv64-unknown-elf-LkcieF/gcc-riscv64-unknown-elf-10.2.0=. -fstack-protector-strong' GCJFLAGS='-g -O2 -fdebug-prefix-map=/build/gcc-riscv64-unknown-elf-LkcieF/gcc-riscv64-unknown-elf-10.2.0=. -fstack-protector-strong' LDFLAGS='-Wl,-Bsymbolic-functions -Wl,-z,relro -Wl,-z,now' OBJCFLAGS='-g -O2 -fdebug-prefix-map=/build/gcc-riscv64-unknown-elf-LkcieF/gcc-riscv64-unknown-elf-10.2.0=. -fstack-protector-strong' OBJCXXFLAGS='-g -O2 -fdebug-prefix-map=/build/gcc-riscv64-unknown-elf-LkcieF/gcc-riscv64-unknown-elf-10.2.0=. -fstack-protector-strong' 'CFLAGS_FOR_TARGET=-Os -mcmodel=medany' 'CXXFLAGS_FOR_TARGET=-Os -mcmodel=medany'
Thread model: single
Supported LTO compression algorithms: zlib
gcc version 10.2.0 () 
COLLECT_GCC_OPTIONS='-v' '-o' 'CMakeFiles/cmTC_6224e.dir/CMakeCCompilerABI.c.o' '-c' '-march=rv64imafdc' '-mabi=lp64d'
 /usr/lib/gcc/riscv64-unknown-elf/10.2.0/cc1 -quiet -v -imultilib rv64imafdc/lp64d /usr/share/cmake-3.22/Modules/CMakeCCompilerABI.c -quiet -dumpbase CMakeCCompilerABI.c -march=rv64imafdc -mabi=lp64d -auxbase-strip CMakeFiles/cmTC_6224e.dir/CMakeCCompilerABI.c.o -version -o /tmp/ccvVTYA8.s
GNU C17 () version 10.2.0 (riscv64-unknown-elf)
	compiled by GNU C version 10.2.0, GMP version 6.2.0, MPFR version 4.1.0, MPC version 1.2.0-rc1, isl version none
warning: GMP header version 6.2.0 differs from library version 6.2.1.
warning: MPC header version 1.2.0-rc1 differs from library version 1.2.1.
GGC heuristics: --param ggc-min-expand=30 --param ggc-min-heapsize=4096
ignoring nonexistent directory "/usr/lib/gcc/riscv64-unknown-elf/10.2.0/../../../../riscv64-unknown-elf/sys-include"
ignoring nonexistent directory "/usr/lib/gcc/riscv64-unknown-elf/10.2.0/../../../../riscv64-unknown-elf/include"
#include "..." search starts here:
#include <...> search starts here:
 /usr/lib/gcc/riscv64-unknown-elf/10.2.0/include
 /usr/lib/gcc/riscv64-unknown-elf/10.2.0/include-fixed
End of search list.
GNU C17 () version 10.2.0 (riscv64-unknown-elf)
	compiled by GNU C version 10.2.0, GMP version 6.2.0, MPFR version 4.1.0, MPC version 1.2.0-rc1, isl version none
warning: GMP header version 6.2.0 differs from library version 6.2.1.
warning: MPC header version 1.2.0-rc1 differs from library version 1.2.1.
GGC heuristics: --param ggc-min-expand=30 --param ggc-min-heapsize=4096
Compiler executable checksum: 25503746c4b264fb4a430029e3344b15
COLLECT_GCC_OPTIONS='-v' '-o' 'CMakeFiles/cmTC_6224e.dir/CMakeCCompilerABI.c.o' '-c' '-march=rv64imafdc' '-mabi=lp64d'
 /usr/lib/riscv64-unknown-elf/bin/as -v --traditional-format -march=rv64imafdc -mabi=lp64d -o CMakeFiles/cmTC_6224e.dir/CMakeCCompilerABI.c.o /tmp/ccvVTYA8.s
GNU assembler version 2.35.1 (riscv64-unknown-elf) using BFD version () 2.35.1
COMPILER_PATH=/usr/lib/gcc/riscv64-unknown-elf/10.2.0/:/usr/lib/gcc/riscv64-unknown-elf/10.2.0/:/usr/lib/gcc/riscv64-unknown-elf/:/usr/lib/gcc/riscv64-unknown-elf/10.2.0/:/usr/lib/gcc/riscv64-unknown-elf/
LIBRARY_PATH=/usr/lib/gcc/riscv64-unknown-elf/10.2.0/rv64imafdc/lp64d/:/usr/lib/gcc/riscv64-unknown-elf/10.2.0/
COLLECT_GCC_OPTIONS='-v' '-o' 'CMakeFiles/cmTC_6224e.dir/CMakeCCompilerABI.c.o' '-c' '-march=rv64imafdc' '-mabi=lp64d'
Linking C executable cmTC_6224e
/usr/bin/cmake -E cmake_link_script CMakeFiles/cmTC_6224e.dir/link.txt --verbose=1
/usr/bin/riscv64-unknown-elf-gcc  -v -rdynamic CMakeFiles/cmTC_6224e.dir/CMakeCCompilerABI.c.o -o cmTC_6224e 
Using built-in specs.
COLLECT_GCC=/usr/bin/riscv64-unknown-elf-gcc
COLLECT_LTO_WRAPPER=/usr/lib/gcc/riscv64-unknown-elf/10.2.0/lto-wrapper
riscv64-unknown-elf-gcc: error: unrecognized command-line option '-rdynamic'
Target: riscv64-unknown-elf
Configured with: ../configure --build=x86_64-linux-gnu --prefix=/usr --includedir='/usr/include' --mandir='/usr/share/man' --infodir='/usr/share/info' --sysconfdir=/etc --localstatedir=/var --disable-option-checking --disable-silent-rules --libdir='/usr/lib/x86_64-linux-gnu' --libexecdir='/usr/lib/x86_64-linux-gnu' --disable-maintainer-mode --disable-dependency-tracking --target=riscv64-unknown-elf --prefix=/usr --infodir=/usr/share/doc/gcc-riscv64-unknown-elf/info --mandir=/usr/share/man --htmldir=/usr/share/doc/gcc-riscv64-unknown-elf/html --pdfdir=/usr/share/doc/gcc-riscv64-unknown-elf/pdf --bindir=/usr/bin --libexecdir=/usr/lib --libdir=/usr/lib --with-pkgversion= --disable-shared --disable-threads --enable-languages=c,c++ --enable-tls --with-newlib --with-native-system-header-dir=/include --disable-libmudflap --disable-libssp --disable-libquadmath --disable-libgomp --disable-nls --with-system-zlib --enable-checking=yes --enable-multilib --with-abi=lp64d --disable-libstdcxx-pch --disable-libstdcxx --disable-fixinc --with-arch=rv64imafdc --with-gnu-as --with-gnu-ld --with-as=/usr/lib/riscv64-unknown-elf/bin/as --with-ld=/usr/lib/riscv64-unknown-elf/bin/ld AR_FOR_TARGET=/usr/lib/riscv64-unknown-elf/bin/ar AS_FOR_TARGET=/usr/lib/riscv64-unknown-elf/bin/as NM_FOR_TARGET=/usr/lib/riscv64-unknown-elf/bin/nm LD_FOR_TARGET=/usr/lib/riscv64-unknown-elf/bin/ld OBJDUMP_FOR_TARGET=/usr/lib/riscv64-unknown-elf/bin/objdump RANLIB_FOR_TARGET=/usr/lib/riscv64-unknown-elf/bin/ranlib READELF_FOR_TARGET=/usr/lib/riscv64-unknown-elf/bin/readelf STRIP_FOR_TARGET=/usr/lib/riscv64-unknown-elf/bin/strip CFLAGS='-g -O2 -fdebug-prefix-map=/build/gcc-riscv64-unknown-elf-LkcieF/gcc-riscv64-unknown-elf-10.2.0=. -fstack-protector-strong' CPPFLAGS='-Wdate-time -D_FORTIFY_SOURCE=2' CXXFLAGS='-g -O2 -fdebug-prefix-map=/build/gcc-riscv64-unknown-elf-LkcieF/gcc-riscv64-unknown-elf-10.2.0=. -fstack-protector-strong' FCFLAGS='-g -O2 -fdebug-prefix-map=/build/gcc-riscv64-unknown-elf-LkcieF/gcc-riscv64-unknown-elf-10.2.0=. -fstack-protector-strong' FFLAGS='-g -O2 -fdebug-prefix-map=/build/gcc-riscv64-unknown-elf-LkcieF/gcc-riscv64-unknown-elf-10.2.0=. -fstack-protector-strong' GCJFLAGS='-g -O2 -fdebug-prefix-map=/build/gcc-riscv64-unknown-elf-LkcieF/gcc-riscv64-unknown-elf-10.2.0=. -fstack-protector-strong' LDFLAGS='-Wl,-Bsymbolic-functions -Wl,-z,relro -Wl,-z,now' OBJCFLAGS='-g -O2 -fdebug-prefix-map=/build/gcc-riscv64-unknown-elf-LkcieF/gcc-riscv64-unknown-elf-10.2.0=. -fstack-protector-strong' OBJCXXFLAGS='-g -O2 -fdebug-prefix-map=/build/gcc-riscv64-unknown-elf-LkcieF/gcc-riscv64-unknown-elf-10.2.0=. -fstack-protector-strong' 'CFLAGS_FOR_TARGET=-Os -mcmodel=medany' 'CXXFLAGS_FOR_TARGET=-Os -mcmodel=medany'
Thread model: single
Supported LTO compression algorithms: zlib
gcc version 10.2.0 () 
gmake[1]: *** [CMakeFiles/cmTC_6224e.dir/build.make:99: cmTC_6224e] Error 1
gmake[1]: Leaving directory '/home/students/200110603/xv6-labs-2020/build/CMakeFiles/CMakeTmp'
gmake: *** [Makefile:127: cmTC_6224e/fast] Error 2




Determining if the C compiler works failed with the following output:
Change Dir: /home/students/200110603/xv6-labs-2020/build/CMakeFiles/CMakeTmp

Run Build Command(s):/usr/bin/gmake -f Makefile cmTC_630fe/fast && /usr/bin/gmake  -f CMakeFiles/cmTC_630fe.dir/build.make CMakeFiles/cmTC_630fe.dir/build
gmake[1]: Entering directory '/home/students/200110603/xv6-labs-2020/build/CMakeFiles/CMakeTmp'
Building C object CMakeFiles/cmTC_630fe.dir/testCCompiler.c.o
/usr/bin/riscv64-unknown-elf-gcc    -o CMakeFiles/cmTC_630fe.dir/testCCompiler.c.o -c /home/students/200110603/xv6-labs-2020/build/CMakeFiles/CMakeTmp/testCCompiler.c
Linking C executable cmTC_630fe
/usr/bin/cmake -E cmake_link_script CMakeFiles/cmTC_630fe.dir/link.txt --verbose=1
/usr/bin/riscv64-unknown-elf-gcc -rdynamic CMakeFiles/cmTC_630fe.dir/testCCompiler.c.o -o cmTC_630fe 
riscv64-unknown-elf-gcc: error: unrecognized command-line option '-rdynamic'
gmake[1]: *** [CMakeFiles/cmTC_630fe.dir/build.make:99: cmTC_630fe] Error 1
gmake[1]: Leaving directory '/home/students/200110603/xv6-labs-2020/build/CMakeFiles/CMakeTmp'
gmake: *** [Makefile:127: cmTC_630fe/fast] Error 2



Compiling the C compiler identification source file "CMakeCCompilerId.c" failed.
Compiler: /usr/bin/riscv64-unknown-elf-gcc 
Build flags: 
Id flags:  

The output was:
1
/usr/lib/riscv64-unknown-elf/bin/ld: cannot find crt0.o: No such file or directory
/usr/lib/riscv64-unknown-elf/bin/ld: cannot find -lc
/usr/lib/riscv64-unknown-elf/bin/ld: cannot find -lgloss
collect2: error: ld returned 1 exit status


Detecting C compiler ABI info failed to compile with the following output:
Change Dir: /home/students/200110603/xv6-labs-2020/build/CMakeFiles/CMakeTmp

Run Build Command(s):/usr/bin/gmake -f Makefile cmTC_07202/fast && /usr/bin/gmake  -f CMakeFiles/cmTC_07202.dir/build.make CMakeFiles/cmTC_07202.dir/build
gmake[1]: Entering directory '/home/students/200110603/xv6-labs-2020/build/CMakeFiles/CMakeTmp'
Building C object CMakeFiles/cmTC_07202.dir/CMakeCCompilerABI.c.o
/usr/bin/riscv64-unknown-elf-gcc   -v -o CMakeFiles/cmTC_07202.dir/CMakeCCompilerABI.c.o -c /usr/share/cmake-3.22/Modules/CMakeCCompilerABI.c
Using built-in specs.
COLLECT_GCC=/usr/bin/riscv64-unknown-elf-gcc
Target: riscv64-unknown-elf
Configured with: ../configure --build=x86_64-linux-gnu --prefix=/usr --includedir='/usr/include' --mandir='/usr/share/man' --infodir='/usr/share/info' --sysconfdir=/etc --localstatedir=/var --disable-option-checking --disable-silent-rules --libdir='/usr/lib/x86_64-linux-gnu' --libexecdir='/usr/lib/x86_64-linux-gnu' --disable-maintainer-mode --disable-dependency-tracking --target=riscv64-unknown-elf --prefix=/usr --infodir=/usr/share/doc/gcc-riscv64-unknown-elf/info --mandir=/usr/share/man --htmldir=/usr/share/doc/gcc-riscv64-unknown-elf/html --pdfdir=/usr/share/doc/gcc-riscv64-unknown-elf/pdf --bindir=/usr/bin --libexecdir=/usr/lib --libdir=/usr/lib --with-pkgversion= --disable-shared --disable-threads --enable-languages=c,c++ --enable-tls --with-newlib --with-native-system-header-dir=/include --disable-libmudflap --disable-libssp --disable-libquadmath --disable-libgomp --disable-nls --with-system-zlib --enable-checking=yes --enable-multilib --with-abi=lp64d --disable-libstdcxx-pch --disable-libstdcxx --disable-fixinc --with-arch=rv64imafdc --with-gnu-as --with-gnu-ld --with-as=/usr/lib/riscv64-unknown-elf/bin/as --with-ld=/usr/lib/riscv64-unknown-elf/bin/ld AR_FOR_TARGET=/usr/lib/riscv64-unknown-elf/bin/ar AS_FOR_TARGET=/usr/lib/riscv64-unknown-elf/bin/as NM_FOR_TARGET=/usr/lib/riscv64-unknown-elf/bin/nm LD_FOR_TARGET=/usr/lib/riscv64-unknown-elf/bin/ld OBJDUMP_FOR_TARGET=/usr/lib/riscv64-unknown-elf/bin/objdump RANLIB_FOR_TARGET=/usr/lib/riscv64-unknown-elf/bin/ranlib READELF_FOR_TARGET=/usr/lib/riscv64-unknown-elf/bin/readelf STRIP_FOR_TARGET=/usr/lib/riscv64-unknown-elf/bin/strip CFLAGS='-g -O2 -fdebug-prefix-map=/build/gcc-riscv64-unknown-elf-LkcieF/gcc-riscv64-unknown-elf-10.2.0=. -fstack-protector-strong' CPPFLAGS='-Wdate-time -D_FORTIFY_SOURCE=2' CXXFLAGS='-g -O2 -fdebug-prefix-map=/build/gcc-riscv64-unknown-elf-LkcieF/gcc-riscv64-unknown-elf-10.2.0=. -fstack-protector-strong' FCFLAGS='-g -O2 -fdebug-prefix-map=/build/gcc-riscv64-unknown-elf-LkcieF/gcc-riscv64-unknown-elf-10.2.0=. -fstack-protector-strong' FFLAGS='-g -O2 -fdebug-prefix-map=/build/gcc-riscv64-unknown-elf-LkcieF/gcc-riscv64-unknown-elf-10.2.0=. -fstack-protector-strong' GCJFLAGS='-g -O2 -fdebug-prefix-map=/build/gcc-riscv64-unknown-elf-LkcieF/gcc-riscv64-unknown-elf-10.2.0=. -fstack-protector-strong' LDFLAGS='-Wl,-Bsymbolic-functions -Wl,-z,relro -Wl,-z,now' OBJCFLAGS='-g -O2 -fdebug-prefix-map=/build/gcc-riscv64-unknown-elf-LkcieF/gcc-riscv64-unknown-elf-10.2.0=. -fstack-protector-strong' OBJCXXFLAGS='-g -O2 -fdebug-prefix-map=/build/gcc-riscv64-unknown-elf-LkcieF/gcc-riscv64-unknown-elf-10.2.0=. -fstack-protector-strong' 'CFLAGS_FOR_TARGET=-Os -mcmodel=medany' 'CXXFLAGS_FOR_TARGET=-Os -mcmodel=medany'
Thread model: single
Supported LTO compression algorithms: zlib
gcc version 10.2.0 () 
COLLECT_GCC_OPTIONS='-v' '-o' 'CMakeFiles/cmTC_07202.dir/CMakeCCompilerABI.c.o' '-c' '-march=rv64imafdc' '-mabi=lp64d'
 /usr/lib/gcc/riscv64-unknown-elf/10.2.0/cc1 -quiet -v -imultilib rv64imafdc/lp64d /usr/share/cmake-3.22/Modules/CMakeCCompilerABI.c -quiet -dumpbase CMakeCCompilerABI.c -march=rv64imafdc -mabi=lp64d -auxbase-strip CMakeFiles/cmTC_07202.dir/CMakeCCompilerABI.c.o -version -o /tmp/ccltN2dc.s
GNU C17 () version 10.2.0 (riscv64-unknown-elf)
	compiled by GNU C version 10.2.0, GMP version 6.2.0, MPFR version 4.1.0, MPC version 1.2.0-rc1, isl version none
warning: GMP header version 6.2.0 differs from library version 6.2.1.
warning: MPC header version 1.2.0-rc1 differs from library version 1.2.1.
GGC heuristics: --param ggc-min-expand=30 --param ggc-min-heapsize=4096
ignoring nonexistent directory "/usr/lib/gcc/riscv64-unknown-elf/10.2.0/../../../../riscv64-unknown-elf/sys-include"
ignoring nonexistent directory "/usr/lib/gcc/riscv64-unknown-elf/10.2.0/../../../../riscv64-unknown-elf/include"
#include "..." search starts here:
#include <...> search starts here:
 /usr/lib/gcc/riscv64-unknown-elf/10.2.0/include
 /usr/lib/gcc/riscv64-unknown-elf/10.2.0/include-fixed
End of search list.
GNU C17 () version 10.2.0 (riscv64-unknown-elf)
	compiled by GNU C version 10.2.0, GMP version 6.2.0, MPFR version 4.1.0, MPC version 1.2.0-rc1, isl version none
warning: GMP header version 6.2.0 differs from library version 6.2.1.
warning: MPC header version 1.2.0-rc1 differs from library version 1.2.1.
GGC heuristics: --param ggc-min-expand=30 --param ggc-min-heapsize=4096
Compiler executable checksum: 25503746c4b264fb4a430029e3344b15
COLLECT_GCC_OPTIONS='-v' '-o' 'CMakeFiles/cmTC_07202.dir/CMakeCCompilerABI.c.o' '-c' '-march=rv64imafdc' '-mabi=lp64d'
 /usr/lib/riscv64-unknown-elf/bin/as -v --traditional-format -march=rv64imafdc -mabi=lp64d -o CMakeFiles/cmTC_07202.dir/CMakeCCompilerABI.c.o /tmp/ccltN2dc.s
GNU assembler version 2.35.1 (riscv64-unknown-elf) using BFD version () 2.35.1
COMPILER_PATH=/usr/lib/gcc/riscv64-unknown-elf/10.2.0/:/usr/lib/gcc/riscv64-unknown-elf/10.2.0/:/usr/lib/gcc/riscv64-unknown-elf/:/usr/lib/gcc/riscv64-unknown-elf/10.2.0/:/usr/lib/gcc/riscv64-unknown-elf/
LIBRARY_PATH=/usr/lib/gcc/riscv64-unknown-elf/10.2.0/rv64imafdc/lp64d/:/usr/lib/gcc/riscv64-unknown-elf/10.2.0/
COLLECT_GCC_OPTIONS='-v' '-o' 'CMakeFiles/cmTC_07202.dir/CMakeCCompilerABI.c.o' '-c' '-march=rv64imafdc' '-mabi=lp64d'
Linking C executable cmTC_07202
/usr/bin/cmake -E cmake_link_script CMakeFiles/cmTC_07202.dir/link.txt --verbose=1
/usr/bin/riscv64-unknown-elf-gcc  -v -rdynamic CMakeFiles/cmTC_07202.dir/CMakeCCompilerABI.c.o -o cmTC_07202 
Using built-in specs.
COLLECT_GCC=/usr/bin/riscv64-unknown-elf-gcc
COLLECT_LTO_WRAPPER=/usr/lib/gcc/riscv64-unknown-elf/10.2.0/lto-wrapper
riscv64-unknown-elf-gcc: error: unrecognized command-line option '-rdynamic'
Target: riscv64-unknown-elf
Configured with: ../configure --build=x86_64-linux-gnu --prefix=/usr --includedir='/usr/include' --mandir='/usr/share/man' --infodir='/usr/share/info' --sysconfdir=/etc --localstatedir=/var --disable-option-checking --disable-silent-rules --libdir='/usr/lib/x86_64-linux-gnu' --libexecdir='/usr/lib/x86_64-linux-gnu' --disable-maintainer-mode --disable-dependency-tracking --target=riscv64-unknown-elf --prefix=/usr --infodir=/usr/share/doc/gcc-riscv64-unknown-elf/info --mandir=/usr/share/man --htmldir=/usr/share/doc/gcc-riscv64-unknown-elf/html --pdfdir=/usr/share/doc/gcc-riscv64-unknown-elf/pdf --bindir=/usr/bin --libexecdir=/usr/lib --libdir=/usr/lib --with-pkgversion= --disable-shared --disable-threads --enable-languages=c,c++ --enable-tls --with-newlib --with-native-system-header-dir=/include --disable-libmudflap --disable-libssp --disable-libquadmath --disable-libgomp --disable-nls --with-system-zlib --enable-checking=yes --enable-multilib --with-abi=lp64d --disable-libstdcxx-pch --disable-libstdcxx --disable-fixinc --with-arch=rv64imafdc --with-gnu-as --with-gnu-ld --with-as=/usr/lib/riscv64-unknown-elf/bin/as --with-ld=/usr/lib/riscv64-unknown-elf/bin/ld AR_FOR_TARGET=/usr/lib/riscv64-unknown-elf/bin/ar AS_FOR_TARGET=/usr/lib/riscv64-unknown-elf/bin/as NM_FOR_TARGET=/usr/lib/riscv64-unknown-elf/bin/nm LD_FOR_TARGET=/usr/lib/riscv64-unknown-elf/bin/ld OBJDUMP_FOR_TARGET=/usr/lib/riscv64-unknown-elf/bin/objdump RANLIB_FOR_TARGET=/usr/lib/riscv64-unknown-elf/bin/ranlib READELF_FOR_TARGET=/usr/lib/riscv64-unknown-elf/bin/readelf STRIP_FOR_TARGET=/usr/lib/riscv64-unknown-elf/bin/strip CFLAGS='-g -O2 -fdebug-prefix-map=/build/gcc-riscv64-unknown-elf-LkcieF/gcc-riscv64-unknown-elf-10.2.0=. -fstack-protector-strong' CPPFLAGS='-Wdate-time -D_FORTIFY_SOURCE=2' CXXFLAGS='-g -O2 -fdebug-prefix-map=/build/gcc-riscv64-unknown-elf-LkcieF/gcc-riscv64-unknown-elf-10.2.0=. -fstack-protector-strong' FCFLAGS='-g -O2 -fdebug-prefix-map=/build/gcc-riscv64-unknown-elf-LkcieF/gcc-riscv64-unknown-elf-10.2.0=. -fstack-protector-strong' FFLAGS='-g -O2 -fdebug-prefix-map=/build/gcc-riscv64-unknown-elf-LkcieF/gcc-riscv64-unknown-elf-10.2.0=. -fstack-protector-strong' GCJFLAGS='-g -O2 -fdebug-prefix-map=/build/gcc-riscv64-unknown-elf-LkcieF/gcc-riscv64-unknown-elf-10.2.0=. -fstack-protector-strong' LDFLAGS='-Wl,-Bsymbolic-functions -Wl,-z,relro -Wl,-z,now' OBJCFLAGS='-g -O2 -fdebug-prefix-map=/build/gcc-riscv64-unknown-elf-LkcieF/gcc-riscv64-unknown-elf-10.2.0=. -fstack-protector-strong' OBJCXXFLAGS='-g -O2 -fdebug-prefix-map=/build/gcc-riscv64-unknown-elf-LkcieF/gcc-riscv64-unknown-elf-10.2.0=. -fstack-protector-strong' 'CFLAGS_FOR_TARGET=-Os -mcmodel=medany' 'CXXFLAGS_FOR_TARGET=-Os -mcmodel=medany'
Thread model: single
Supported LTO compression algorithms: zlib
gcc version 10.2.0 () 
gmake[1]: *** [CMakeFiles/cmTC_07202.dir/build.make:99: cmTC_07202] Error 1
gmake[1]: Leaving directory '/home/students/200110603/xv6-labs-2020/build/CMakeFiles/CMakeTmp'
gmake: *** [Makefile:127: cmTC_07202/fast] Error 2




Determining if the C compiler works failed with the following output:
Change Dir: /home/students/200110603/xv6-labs-2020/build/CMakeFiles/CMakeTmp

Run Build Command(s):/usr/bin/gmake -f Makefile cmTC_44f35/fast && /usr/bin/gmake  -f CMakeFiles/cmTC_44f35.dir/build.make CMakeFiles/cmTC_44f35.dir/build
gmake[1]: Entering directory '/home/students/200110603/xv6-labs-2020/build/CMakeFiles/CMakeTmp'
Building C object CMakeFiles/cmTC_44f35.dir/testCCompiler.c.o
/usr/bin/riscv64-unknown-elf-gcc    -o CMakeFiles/cmTC_44f35.dir/testCCompiler.c.o -c /home/students/200110603/xv6-labs-2020/build/CMakeFiles/CMakeTmp/testCCompiler.c
Linking C executable cmTC_44f35
/usr/bin/cmake -E cmake_link_script CMakeFiles/cmTC_44f35.dir/link.txt --verbose=1
/usr/bin/riscv64-unknown-elf-gcc -rdynamic CMakeFiles/cmTC_44f35.dir/testCCompiler.c.o -o cmTC_44f35 
riscv64-unknown-elf-gcc: error: unrecognized command-line option '-rdynamic'
gmake[1]: *** [CMakeFiles/cmTC_44f35.dir/build.make:99: cmTC_44f35] Error 1
gmake[1]: Leaving directory '/home/students/200110603/xv6-labs-2020/build/CMakeFiles/CMakeTmp'
gmake: *** [Makefile:127: cmTC_44f35/fast] Error 2



Compiling the C compiler identification source file "CMakeCCompilerId.c" failed.
Compiler: /usr/bin/riscv64-unknown-elf-gcc 
Build flags: 
Id flags:  

The output was:
1
/usr/lib/riscv64-unknown-elf/bin/ld: cannot find crt0.o: No such file or directory
/usr/lib/riscv64-unknown-elf/bin/ld: cannot find -lc
/usr/lib/riscv64-unknown-elf/bin/ld: cannot find -lgloss
collect2: error: ld returned 1 exit status


Detecting C compiler ABI info failed to compile with the following output:
Change Dir: /home/students/200110603/xv6-labs-2020/build/CMakeFiles/CMakeTmp

Run Build Command(s):/usr/bin/gmake -f Makefile cmTC_0dbb7/fast && /usr/bin/gmake  -f CMakeFiles/cmTC_0dbb7.dir/build.make CMakeFiles/cmTC_0dbb7.dir/build
gmake[1]: Entering directory '/home/students/200110603/xv6-labs-2020/build/CMakeFiles/CMakeTmp'
Building C object CMakeFiles/cmTC_0dbb7.dir/CMakeCCompilerABI.c.o
/usr/bin/riscv64-unknown-elf-gcc   -v -o CMakeFiles/cmTC_0dbb7.dir/CMakeCCompilerABI.c.o -c /usr/share/cmake-3.22/Modules/CMakeCCompilerABI.c
Using built-in specs.
COLLECT_GCC=/usr/bin/riscv64-unknown-elf-gcc
Target: riscv64-unknown-elf
Configured with: ../configure --build=x86_64-linux-gnu --prefix=/usr --includedir='/usr/include' --mandir='/usr/share/man' --infodir='/usr/share/info' --sysconfdir=/etc --localstatedir=/var --disable-option-checking --disable-silent-rules --libdir='/usr/lib/x86_64-linux-gnu' --libexecdir='/usr/lib/x86_64-linux-gnu' --disable-maintainer-mode --disable-dependency-tracking --target=riscv64-unknown-elf --prefix=/usr --infodir=/usr/share/doc/gcc-riscv64-unknown-elf/info --mandir=/usr/share/man --htmldir=/usr/share/doc/gcc-riscv64-unknown-elf/html --pdfdir=/usr/share/doc/gcc-riscv64-unknown-elf/pdf --bindir=/usr/bin --libexecdir=/usr/lib --libdir=/usr/lib --with-pkgversion= --disable-shared --disable-threads --enable-languages=c,c++ --enable-tls --with-newlib --with-native-system-header-dir=/include --disable-libmudflap --disable-libssp --disable-libquadmath --disable-libgomp --disable-nls --with-system-zlib --enable-checking=yes --enable-multilib --with-abi=lp64d --disable-libstdcxx-pch --disable-libstdcxx --disable-fixinc --with-arch=rv64imafdc --with-gnu-as --with-gnu-ld --with-as=/usr/lib/riscv64-unknown-elf/bin/as --with-ld=/usr/lib/riscv64-unknown-elf/bin/ld AR_FOR_TARGET=/usr/lib/riscv64-unknown-elf/bin/ar AS_FOR_TARGET=/usr/lib/riscv64-unknown-elf/bin/as NM_FOR_TARGET=/usr/lib/riscv64-unknown-elf/bin/nm LD_FOR_TARGET=/usr/lib/riscv64-unknown-elf/bin/ld OBJDUMP_FOR_TARGET=/usr/lib/riscv64-unknown-elf/bin/objdump RANLIB_FOR_TARGET=/usr/lib/riscv64-unknown-elf/bin/ranlib READELF_FOR_TARGET=/usr/lib/riscv64-unknown-elf/bin/readelf STRIP_FOR_TARGET=/usr/lib/riscv64-unknown-elf/bin/strip CFLAGS='-g -O2 -fdebug-prefix-map=/build/gcc-riscv64-unknown-elf-LkcieF/gcc-riscv64-unknown-elf-10.2.0=. -fstack-protector-strong' CPPFLAGS='-Wdate-time -D_FORTIFY_SOURCE=2' CXXFLAGS='-g -O2 -fdebug-prefix-map=/build/gcc-riscv64-unknown-elf-LkcieF/gcc-riscv64-unknown-elf-10.2.0=. -fstack-protector-strong' FCFLAGS='-g -O2 -fdebug-prefix-map=/build/gcc-riscv64-unknown-elf-LkcieF/gcc-riscv64-unknown-elf-10.2.0=. -fstack-protector-strong' FFLAGS='-g -O2 -fdebug-prefix-map=/build/gcc-riscv64-unknown-elf-LkcieF/gcc-riscv64-unknown-elf-10.2.0=. -fstack-protector-strong' GCJFLAGS='-g -O2 -fdebug-prefix-map=/build/gcc-riscv64-unknown-elf-LkcieF/gcc-riscv64-unknown-elf-10.2.0=. -fstack-protector-strong' LDFLAGS='-Wl,-Bsymbolic-functions -Wl,-z,relro -Wl,-z,now' OBJCFLAGS='-g -O2 -fdebug-prefix-map=/build/gcc-riscv64-unknown-elf-LkcieF/gcc-riscv64-unknown-elf-10.2.0=. -fstack-protector-strong' OBJCXXFLAGS='-g -O2 -fdebug-prefix-map=/build/gcc-riscv64-unknown-elf-LkcieF/gcc-riscv64-unknown-elf-10.2.0=. -fstack-protector-strong' 'CFLAGS_FOR_TARGET=-Os -mcmodel=medany' 'CXXFLAGS_FOR_TARGET=-Os -mcmodel=medany'
Thread model: single
Supported LTO compression algorithms: zlib
gcc version 10.2.0 () 
COLLECT_GCC_OPTIONS='-v' '-o' 'CMakeFiles/cmTC_0dbb7.dir/CMakeCCompilerABI.c.o' '-c' '-march=rv64imafdc' '-mabi=lp64d'
 /usr/lib/gcc/riscv64-unknown-elf/10.2.0/cc1 -quiet -v -imultilib rv64imafdc/lp64d /usr/share/cmake-3.22/Modules/CMakeCCompilerABI.c -quiet -dumpbase CMakeCCompilerABI.c -march=rv64imafdc -mabi=lp64d -auxbase-strip CMakeFiles/cmTC_0dbb7.dir/CMakeCCompilerABI.c.o -version -o /tmp/cc0g1Aoy.s
GNU C17 () version 10.2.0 (riscv64-unknown-elf)
	compiled by GNU C version 10.2.0, GMP version 6.2.0, MPFR version 4.1.0, MPC version 1.2.0-rc1, isl version none
warning: GMP header version 6.2.0 differs from library version 6.2.1.
warning: MPC header version 1.2.0-rc1 differs from library version 1.2.1.
GGC heuristics: --param ggc-min-expand=30 --param ggc-min-heapsize=4096
ignoring nonexistent directory "/usr/lib/gcc/riscv64-unknown-elf/10.2.0/../../../../riscv64-unknown-elf/sys-include"
ignoring nonexistent directory "/usr/lib/gcc/riscv64-unknown-elf/10.2.0/../../../../riscv64-unknown-elf/include"
#include "..." search starts here:
#include <...> search starts here:
 /usr/lib/gcc/riscv64-unknown-elf/10.2.0/include
 /usr/lib/gcc/riscv64-unknown-elf/10.2.0/include-fixed
End of search list.
GNU C17 () version 10.2.0 (riscv64-unknown-elf)
	compiled by GNU C version 10.2.0, GMP version 6.2.0, MPFR version 4.1.0, MPC version 1.2.0-rc1, isl version none
warning: GMP header version 6.2.0 differs from library version 6.2.1.
warning: MPC header version 1.2.0-rc1 differs from library version 1.2.1.
GGC heuristics: --param ggc-min-expand=30 --param ggc-min-heapsize=4096
Compiler executable checksum: 25503746c4b264fb4a430029e3344b15
COLLECT_GCC_OPTIONS='-v' '-o' 'CMakeFiles/cmTC_0dbb7.dir/CMakeCCompilerABI.c.o' '-c' '-march=rv64imafdc' '-mabi=lp64d'
 /usr/lib/riscv64-unknown-elf/bin/as -v --traditional-format -march=rv64imafdc -mabi=lp64d -o CMakeFiles/cmTC_0dbb7.dir/CMakeCCompilerABI.c.o /tmp/cc0g1Aoy.s
GNU assembler version 2.35.1 (riscv64-unknown-elf) using BFD version () 2.35.1
COMPILER_PATH=/usr/lib/gcc/riscv64-unknown-elf/10.2.0/:/usr/lib/gcc/riscv64-unknown-elf/10.2.0/:/usr/lib/gcc/riscv64-unknown-elf/:/usr/lib/gcc/riscv64-unknown-elf/10.2.0/:/usr/lib/gcc/riscv64-unknown-elf/
LIBRARY_PATH=/usr/lib/gcc/riscv64-unknown-elf/10.2.0/rv64imafdc/lp64d/:/usr/lib/gcc/riscv64-unknown-elf/10.2.0/
COLLECT_GCC_OPTIONS='-v' '-o' 'CMakeFiles/cmTC_0dbb7.dir/CMakeCCompilerABI.c.o' '-c' '-march=rv64imafdc' '-mabi=lp64d'
Linking C executable cmTC_0dbb7
/usr/bin/cmake -E cmake_link_script CMakeFiles/cmTC_0dbb7.dir/link.txt --verbose=1
/usr/bin/riscv64-unknown-elf-gcc  -v -rdynamic CMakeFiles/cmTC_0dbb7.dir/CMakeCCompilerABI.c.o -o cmTC_0dbb7 
Using built-in specs.
COLLECT_GCC=/usr/bin/riscv64-unknown-elf-gcc
COLLECT_LTO_WRAPPER=/usr/lib/gcc/riscv64-unknown-elf/10.2.0/lto-wrapper
riscv64-unknown-elf-gcc: error: unrecognized command-line option '-rdynamic'
Target: riscv64-unknown-elf
Configured with: ../configure --build=x86_64-linux-gnu --prefix=/usr --includedir='/usr/include' --mandir='/usr/share/man' --infodir='/usr/share/info' --sysconfdir=/etc --localstatedir=/var --disable-option-checking --disable-silent-rules --libdir='/usr/lib/x86_64-linux-gnu' --libexecdir='/usr/lib/x86_64-linux-gnu' --disable-maintainer-mode --disable-dependency-tracking --target=riscv64-unknown-elf --prefix=/usr --infodir=/usr/share/doc/gcc-riscv64-unknown-elf/info --mandir=/usr/share/man --htmldir=/usr/share/doc/gcc-riscv64-unknown-elf/html --pdfdir=/usr/share/doc/gcc-riscv64-unknown-elf/pdf --bindir=/usr/bin --libexecdir=/usr/lib --libdir=/usr/lib --with-pkgversion= --disable-shared --disable-threads --enable-languages=c,c++ --enable-tls --with-newlib --with-native-system-header-dir=/include --disable-libmudflap --disable-libssp --disable-libquadmath --disable-libgomp --disable-nls --with-system-zlib --enable-checking=yes --enable-multilib --with-abi=lp64d --disable-libstdcxx-pch --disable-libstdcxx --disable-fixinc --with-arch=rv64imafdc --with-gnu-as --with-gnu-ld --with-as=/usr/lib/riscv64-unknown-elf/bin/as --with-ld=/usr/lib/riscv64-unknown-elf/bin/ld AR_FOR_TARGET=/usr/lib/riscv64-unknown-elf/bin/ar AS_FOR_TARGET=/usr/lib/riscv64-unknown-elf/bin/as NM_FOR_TARGET=/usr/lib/riscv64-unknown-elf/bin/nm LD_FOR_TARGET=/usr/lib/riscv64-unknown-elf/bin/ld OBJDUMP_FOR_TARGET=/usr/lib/riscv64-unknown-elf/bin/objdump RANLIB_FOR_TARGET=/usr/lib/riscv64-unknown-elf/bin/ranlib READELF_FOR_TARGET=/usr/lib/riscv64-unknown-elf/bin/readelf STRIP_FOR_TARGET=/usr/lib/riscv64-unknown-elf/bin/strip CFLAGS='-g -O2 -fdebug-prefix-map=/build/gcc-riscv64-unknown-elf-LkcieF/gcc-riscv64-unknown-elf-10.2.0=. -fstack-protector-strong' CPPFLAGS='-Wdate-time -D_FORTIFY_SOURCE=2' CXXFLAGS='-g -O2 -fdebug-prefix-map=/build/gcc-riscv64-unknown-elf-LkcieF/gcc-riscv64-unknown-elf-10.2.0=. -fstack-protector-strong' FCFLAGS='-g -O2 -fdebug-prefix-map=/build/gcc-riscv64-unknown-elf-LkcieF/gcc-riscv64-unknown-elf-10.2.0=. -fstack-protector-strong' FFLAGS='-g -O2 -fdebug-prefix-map=/build/gcc-riscv64-unknown-elf-LkcieF/gcc-riscv64-unknown-elf-10.2.0=. -fstack-protector-strong' GCJFLAGS='-g -O2 -fdebug-prefix-map=/build/gcc-riscv64-unknown-elf-LkcieF/gcc-riscv64-unknown-elf-10.2.0=. -fstack-protector-strong' LDFLAGS='-Wl,-Bsymbolic-functions -Wl,-z,relro -Wl,-z,now' OBJCFLAGS='-g -O2 -fdebug-prefix-map=/build/gcc-riscv64-unknown-elf-LkcieF/gcc-riscv64-unknown-elf-10.2.0=. -fstack-protector-strong' OBJCXXFLAGS='-g -O2 -fdebug-prefix-map=/build/gcc-riscv64-unknown-elf-LkcieF/gcc-riscv64-unknown-elf-10.2.0=. -fstack-protector-strong' 'CFLAGS_FOR_TARGET=-Os -mcmodel=medany' 'CXXFLAGS_FOR_TARGET=-Os -mcmodel=medany'
Thread model: single
Supported LTO compression algorithms: zlib
gcc version 10.2.0 () 
gmake[1]: *** [CMakeFiles/cmTC_0dbb7.dir/build.make:99: cmTC_0dbb7] Error 1
gmake[1]: Leaving directory '/home/students/200110603/xv6-labs-2020/build/CMakeFiles/CMakeTmp'
gmake: *** [Makefile:127: cmTC_0dbb7/fast] Error 2




Determining if the C compiler works failed with the following output:
Change Dir: /home/students/200110603/xv6-labs-2020/build/CMakeFiles/CMakeTmp

Run Build Command(s):/usr/bin/gmake -f Makefile cmTC_67d01/fast && /usr/bin/gmake  -f CMakeFiles/cmTC_67d01.dir/build.make CMakeFiles/cmTC_67d01.dir/build
gmake[1]: Entering directory '/home/students/200110603/xv6-labs-2020/build/CMakeFiles/CMakeTmp'
Building C object CMakeFiles/cmTC_67d01.dir/testCCompiler.c.o
/usr/bin/riscv64-unknown-elf-gcc    -o CMakeFiles/cmTC_67d01.dir/testCCompiler.c.o -c /home/students/200110603/xv6-labs-2020/build/CMakeFiles/CMakeTmp/testCCompiler.c
Linking C executable cmTC_67d01
/usr/bin/cmake -E cmake_link_script CMakeFiles/cmTC_67d01.dir/link.txt --verbose=1
/usr/bin/riscv64-unknown-elf-gcc -rdynamic CMakeFiles/cmTC_67d01.dir/testCCompiler.c.o -o cmTC_67d01 
riscv64-unknown-elf-gcc: error: unrecognized command-line option '-rdynamic'
gmake[1]: *** [CMakeFiles/cmTC_67d01.dir/build.make:99: cmTC_67d01] Error 1
gmake[1]: Leaving directory '/home/students/200110603/xv6-labs-2020/build/CMakeFiles/CMakeTmp'
gmake: *** [Makefile:127: cmTC_67d01/fast] Error 2



Compiling the C compiler identification source file "CMakeCCompilerId.c" failed.
Compiler: /usr/bin/riscv64-unknown-elf-gcc 
Build flags: 
Id flags:  

The output was:
1
/usr/lib/riscv64-unknown-elf/bin/ld: cannot find crt0.o: No such file or directory
/usr/lib/riscv64-unknown-elf/bin/ld: cannot find -lc
/usr/lib/riscv64-unknown-elf/bin/ld: cannot find -lgloss
collect2: error: ld returned 1 exit status


Detecting C compiler ABI info failed to compile with the following output:
Change Dir: /home/students/200110603/xv6-labs-2020/build/CMakeFiles/CMakeTmp

Run Build Command(s):/usr/bin/gmake -f Makefile cmTC_7104e/fast && /usr/bin/gmake  -f CMakeFiles/cmTC_7104e.dir/build.make CMakeFiles/cmTC_7104e.dir/build
gmake[1]: Entering directory '/home/students/200110603/xv6-labs-2020/build/CMakeFiles/CMakeTmp'
Building C object CMakeFiles/cmTC_7104e.dir/CMakeCCompilerABI.c.o
/usr/bin/riscv64-unknown-elf-gcc   -v -o CMakeFiles/cmTC_7104e.dir/CMakeCCompilerABI.c.o -c /usr/share/cmake-3.22/Modules/CMakeCCompilerABI.c
Using built-in specs.
COLLECT_GCC=/usr/bin/riscv64-unknown-elf-gcc
Target: riscv64-unknown-elf
Configured with: ../configure --build=x86_64-linux-gnu --prefix=/usr --includedir='/usr/include' --mandir='/usr/share/man' --infodir='/usr/share/info' --sysconfdir=/etc --localstatedir=/var --disable-option-checking --disable-silent-rules --libdir='/usr/lib/x86_64-linux-gnu' --libexecdir='/usr/lib/x86_64-linux-gnu' --disable-maintainer-mode --disable-dependency-tracking --target=riscv64-unknown-elf --prefix=/usr --infodir=/usr/share/doc/gcc-riscv64-unknown-elf/info --mandir=/usr/share/man --htmldir=/usr/share/doc/gcc-riscv64-unknown-elf/html --pdfdir=/usr/share/doc/gcc-riscv64-unknown-elf/pdf --bindir=/usr/bin --libexecdir=/usr/lib --libdir=/usr/lib --with-pkgversion= --disable-shared --disable-threads --enable-languages=c,c++ --enable-tls --with-newlib --with-native-system-header-dir=/include --disable-libmudflap --disable-libssp --disable-libquadmath --disable-libgomp --disable-nls --with-system-zlib --enable-checking=yes --enable-multilib --with-abi=lp64d --disable-libstdcxx-pch --disable-libstdcxx --disable-fixinc --with-arch=rv64imafdc --with-gnu-as --with-gnu-ld --with-as=/usr/lib/riscv64-unknown-elf/bin/as --with-ld=/usr/lib/riscv64-unknown-elf/bin/ld AR_FOR_TARGET=/usr/lib/riscv64-unknown-elf/bin/ar AS_FOR_TARGET=/usr/lib/riscv64-unknown-elf/bin/as NM_FOR_TARGET=/usr/lib/riscv64-unknown-elf/bin/nm LD_FOR_TARGET=/usr/lib/riscv64-unknown-elf/bin/ld OBJDUMP_FOR_TARGET=/usr/lib/riscv64-unknown-elf/bin/objdump RANLIB_FOR_TARGET=/usr/lib/riscv64-unknown-elf/bin/ranlib READELF_FOR_TARGET=/usr/lib/riscv64-unknown-elf/bin/readelf STRIP_FOR_TARGET=/usr/lib/riscv64-unknown-elf/bin/strip CFLAGS='-g -O2 -fdebug-prefix-map=/build/gcc-riscv64-unknown-elf-LkcieF/gcc-riscv64-unknown-elf-10.2.0=. -fstack-protector-strong' CPPFLAGS='-Wdate-time -D_FORTIFY_SOURCE=2' CXXFLAGS='-g -O2 -fdebug-prefix-map=/build/gcc-riscv64-unknown-elf-LkcieF/gcc-riscv64-unknown-elf-10.2.0=. -fstack-protector-strong' FCFLAGS='-g -O2 -fdebug-prefix-map=/build/gcc-riscv64-unknown-elf-LkcieF/gcc-riscv64-unknown-elf-10.2.0=. -fstack-protector-strong' FFLAGS='-g -O2 -fdebug-prefix-map=/build/gcc-riscv64-unknown-elf-LkcieF/gcc-riscv64-unknown-elf-10.2.0=. -fstack-protector-strong' GCJFLAGS='-g -O2 -fdebug-prefix-map=/build/gcc-riscv64-unknown-elf-LkcieF/gcc-riscv64-unknown-elf-10.2.0=. -fstack-protector-strong' LDFLAGS='-Wl,-Bsymbolic-functions -Wl,-z,relro -Wl,-z,now' OBJCFLAGS='-g -O2 -fdebug-prefix-map=/build/gcc-riscv64-unknown-elf-LkcieF/gcc-riscv64-unknown-elf-10.2.0=. -fstack-protector-strong' OBJCXXFLAGS='-g -O2 -fdebug-prefix-map=/build/gcc-riscv64-unknown-elf-LkcieF/gcc-riscv64-unknown-elf-10.2.0=. -fstack-protector-strong' 'CFLAGS_FOR_TARGET=-Os -mcmodel=medany' 'CXXFLAGS_FOR_TARGET=-Os -mcmodel=medany'
Thread model: single
Supported LTO compression algorithms: zlib
gcc version 10.2.0 () 
COLLECT_GCC_OPTIONS='-v' '-o' 'CMakeFiles/cmTC_7104e.dir/CMakeCCompilerABI.c.o' '-c' '-march=rv64imafdc' '-mabi=lp64d'
 /usr/lib/gcc/riscv64-unknown-elf/10.2.0/cc1 -quiet -v -imultilib rv64imafdc/lp64d /usr/share/cmake-3.22/Modules/CMakeCCompilerABI.c -quiet -dumpbase CMakeCCompilerABI.c -march=rv64imafdc -mabi=lp64d -auxbase-strip CMakeFiles/cmTC_7104e.dir/CMakeCCompilerABI.c.o -version -o /tmp/ccCy1zzW.s
GNU C17 () version 10.2.0 (riscv64-unknown-elf)
	compiled by GNU C version 10.2.0, GMP version 6.2.0, MPFR version 4.1.0, MPC version 1.2.0-rc1, isl version none
warning: GMP header version 6.2.0 differs from library version 6.2.1.
warning: MPC header version 1.2.0-rc1 differs from library version 1.2.1.
GGC heuristics: --param ggc-min-expand=30 --param ggc-min-heapsize=4096
ignoring nonexistent directory "/usr/lib/gcc/riscv64-unknown-elf/10.2.0/../../../../riscv64-unknown-elf/sys-include"
ignoring nonexistent directory "/usr/lib/gcc/riscv64-unknown-elf/10.2.0/../../../../riscv64-unknown-elf/include"
#include "..." search starts here:
#include <...> search starts here:
 /usr/lib/gcc/riscv64-unknown-elf/10.2.0/include
 /usr/lib/gcc/riscv64-unknown-elf/10.2.0/include-fixed
End of search list.
GNU C17 () version 10.2.0 (riscv64-unknown-elf)
	compiled by GNU C version 10.2.0, GMP version 6.2.0, MPFR version 4.1.0, MPC version 1.2.0-rc1, isl version none
warning: GMP header version 6.2.0 differs from library version 6.2.1.
warning: MPC header version 1.2.0-rc1 differs from library version 1.2.1.
GGC heuristics: --param ggc-min-expand=30 --param ggc-min-heapsize=4096
Compiler executable checksum: 25503746c4b264fb4a430029e3344b15
COLLECT_GCC_OPTIONS='-v' '-o' 'CMakeFiles/cmTC_7104e.dir/CMakeCCompilerABI.c.o' '-c' '-march=rv64imafdc' '-mabi=lp64d'
 /usr/lib/riscv64-unknown-elf/bin/as -v --traditional-format -march=rv64imafdc -mabi=lp64d -o CMakeFiles/cmTC_7104e.dir/CMakeCCompilerABI.c.o /tmp/ccCy1zzW.s
GNU assembler version 2.35.1 (riscv64-unknown-elf) using BFD version () 2.35.1
COMPILER_PATH=/usr/lib/gcc/riscv64-unknown-elf/10.2.0/:/usr/lib/gcc/riscv64-unknown-elf/10.2.0/:/usr/lib/gcc/riscv64-unknown-elf/:/usr/lib/gcc/riscv64-unknown-elf/10.2.0/:/usr/lib/gcc/riscv64-unknown-elf/
LIBRARY_PATH=/usr/lib/gcc/riscv64-unknown-elf/10.2.0/rv64imafdc/lp64d/:/usr/lib/gcc/riscv64-unknown-elf/10.2.0/
COLLECT_GCC_OPTIONS='-v' '-o' 'CMakeFiles/cmTC_7104e.dir/CMakeCCompilerABI.c.o' '-c' '-march=rv64imafdc' '-mabi=lp64d'
Linking C executable cmTC_7104e
/usr/bin/cmake -E cmake_link_script CMakeFiles/cmTC_7104e.dir/link.txt --verbose=1
/usr/bin/riscv64-unknown-elf-gcc  -v -rdynamic CMakeFiles/cmTC_7104e.dir/CMakeCCompilerABI.c.o -o cmTC_7104e 
Using built-in specs.
COLLECT_GCC=/usr/bin/riscv64-unknown-elf-gcc
COLLECT_LTO_WRAPPER=/usr/lib/gcc/riscv64-unknown-elf/10.2.0/lto-wrapper
riscv64-unknown-elf-gcc: error: unrecognized command-line option '-rdynamic'
Target: riscv64-unknown-elf
Configured with: ../configure --build=x86_64-linux-gnu --prefix=/usr --includedir='/usr/include' --mandir='/usr/share/man' --infodir='/usr/share/info' --sysconfdir=/etc --localstatedir=/var --disable-option-checking --disable-silent-rules --libdir='/usr/lib/x86_64-linux-gnu' --libexecdir='/usr/lib/x86_64-linux-gnu' --disable-maintainer-mode --disable-dependency-tracking --target=riscv64-unknown-elf --prefix=/usr --infodir=/usr/share/doc/gcc-riscv64-unknown-elf/info --mandir=/usr/share/man --htmldir=/usr/share/doc/gcc-riscv64-unknown-elf/html --pdfdir=/usr/share/doc/gcc-riscv64-unknown-elf/pdf --bindir=/usr/bin --libexecdir=/usr/lib --libdir=/usr/lib --with-pkgversion= --disable-shared --disable-threads --enable-languages=c,c++ --enable-tls --with-newlib --with-native-system-header-dir=/include --disable-libmudflap --disable-libssp --disable-libquadmath --disable-libgomp --disable-nls --with-system-zlib --enable-checking=yes --enable-multilib --with-abi=lp64d --disable-libstdcxx-pch --disable-libstdcxx --disable-fixinc --with-arch=rv64imafdc --with-gnu-as --with-gnu-ld --with-as=/usr/lib/riscv64-unknown-elf/bin/as --with-ld=/usr/lib/riscv64-unknown-elf/bin/ld AR_FOR_TARGET=/usr/lib/riscv64-unknown-elf/bin/ar AS_FOR_TARGET=/usr/lib/riscv64-unknown-elf/bin/as NM_FOR_TARGET=/usr/lib/riscv64-unknown-elf/bin/nm LD_FOR_TARGET=/usr/lib/riscv64-unknown-elf/bin/ld OBJDUMP_FOR_TARGET=/usr/lib/riscv64-unknown-elf/bin/objdump RANLIB_FOR_TARGET=/usr/lib/riscv64-unknown-elf/bin/ranlib READELF_FOR_TARGET=/usr/lib/riscv64-unknown-elf/bin/readelf STRIP_FOR_TARGET=/usr/lib/riscv64-unknown-elf/bin/strip CFLAGS='-g -O2 -fdebug-prefix-map=/build/gcc-riscv64-unknown-elf-LkcieF/gcc-riscv64-unknown-elf-10.2.0=. -fstack-protector-strong' CPPFLAGS='-Wdate-time -D_FORTIFY_SOURCE=2' CXXFLAGS='-g -O2 -fdebug-prefix-map=/build/gcc-riscv64-unknown-elf-LkcieF/gcc-riscv64-unknown-elf-10.2.0=. -fstack-protector-strong' FCFLAGS='-g -O2 -fdebug-prefix-map=/build/gcc-riscv64-unknown-elf-LkcieF/gcc-riscv64-unknown-elf-10.2.0=. -fstack-protector-strong' FFLAGS='-g -O2 -fdebug-prefix-map=/build/gcc-riscv64-unknown-elf-LkcieF/gcc-riscv64-unknown-elf-10.2.0=. -fstack-protector-strong' GCJFLAGS='-g -O2 -fdebug-prefix-map=/build/gcc-riscv64-unknown-elf-LkcieF/gcc-riscv64-unknown-elf-10.2.0=. -fstack-protector-strong' LDFLAGS='-Wl,-Bsymbolic-functions -Wl,-z,relro -Wl,-z,now' OBJCFLAGS='-g -O2 -fdebug-prefix-map=/build/gcc-riscv64-unknown-elf-LkcieF/gcc-riscv64-unknown-elf-10.2.0=. -fstack-protector-strong' OBJCXXFLAGS='-g -O2 -fdebug-prefix-map=/build/gcc-riscv64-unknown-elf-LkcieF/gcc-riscv64-unknown-elf-10.2.0=. -fstack-protector-strong' 'CFLAGS_FOR_TARGET=-Os -mcmodel=medany' 'CXXFLAGS_FOR_TARGET=-Os -mcmodel=medany'
Thread model: single
Supported LTO compression algorithms: zlib
gcc version 10.2.0 () 
gmake[1]: *** [CMakeFiles/cmTC_7104e.dir/build.make:99: cmTC_7104e] Error 1
gmake[1]: Leaving directory '/home/students/200110603/xv6-labs-2020/build/CMakeFiles/CMakeTmp'
gmake: *** [Makefile:127: cmTC_7104e/fast] Error 2




Determining if the C compiler works failed with the following output:
Change Dir: /home/students/200110603/xv6-labs-2020/build/CMakeFiles/CMakeTmp

Run Build Command(s):/usr/bin/gmake -f Makefile cmTC_3205e/fast && /usr/bin/gmake  -f CMakeFiles/cmTC_3205e.dir/build.make CMakeFiles/cmTC_3205e.dir/build
gmake[1]: Entering directory '/home/students/200110603/xv6-labs-2020/build/CMakeFiles/CMakeTmp'
Building C object CMakeFiles/cmTC_3205e.dir/testCCompiler.c.o
/usr/bin/riscv64-unknown-elf-gcc    -o CMakeFiles/cmTC_3205e.dir/testCCompiler.c.o -c /home/students/200110603/xv6-labs-2020/build/CMakeFiles/CMakeTmp/testCCompiler.c
Linking C executable cmTC_3205e
/usr/bin/cmake -E cmake_link_script CMakeFiles/cmTC_3205e.dir/link.txt --verbose=1
/usr/bin/riscv64-unknown-elf-gcc -rdynamic CMakeFiles/cmTC_3205e.dir/testCCompiler.c.o -o cmTC_3205e 
riscv64-unknown-elf-gcc: error: unrecognized command-line option '-rdynamic'
gmake[1]: *** [CMakeFiles/cmTC_3205e.dir/build.make:99: cmTC_3205e] Error 1
gmake[1]: Leaving directory '/home/students/200110603/xv6-labs-2020/build/CMakeFiles/CMakeTmp'
gmake: *** [Makefile:127: cmTC_3205e/fast] Error 2



